{"D:\\Text\\rx-util\\src\\main.js": {"path":"D:\\Text\\rx-util\\src\\main.js","statementMap":{},"fnMap":{},"branchMap":{},"s":{},"f":{},"b":{},"_coverageSchema":"43e27e138ebf9cfc5966b082cf9a028302ed4184","hash":"ca2e14cc22913f49c648c07da8428b56b0834860"}
,"D:\\Text\\rx-util\\src\\module\\ajax\\FetchLimiting.js": {"path":"D:\\Text\\rx-util\\src\\module\\ajax\\FetchLimiting.js","statementMap":{"0":{"start":{"line":25,"column":4},"end":{"line":25,"column":26}},"1":{"start":{"line":29,"column":4},"end":{"line":29,"column":22}},"2":{"start":{"line":33,"column":4},"end":{"line":33,"column":22}},"3":{"start":{"line":38,"column":4},"end":{"line":38,"column":21}},"4":{"start":{"line":49,"column":24},"end":{"line":59,"column":5}},"5":{"start":{"line":50,"column":6},"end":{"line":50,"column":22}},"6":{"start":{"line":51,"column":19},"end":{"line":51,"column":39}},"7":{"start":{"line":52,"column":6},"end":{"line":58,"column":7}},"8":{"start":{"line":55,"column":8},"end":{"line":55,"column":63}},"9":{"start":{"line":57,"column":8},"end":{"line":57,"column":24}},"10":{"start":{"line":60,"column":4},"end":{"line":60,"column":32}},"11":{"start":{"line":61,"column":4},"end":{"line":61,"column":49}},"12":{"start":{"line":61,"column":21},"end":{"line":61,"column":48}},"13":{"start":{"line":63,"column":4},"end":{"line":63,"column":24}}},"fnMap":{"0":{"name":"(anonymous_0)","decl":{"start":{"line":21,"column":2},"end":{"line":21,"column":3}},"loc":{"start":{"line":21,"column":48},"end":{"line":39,"column":3}},"line":21},"1":{"name":"(anonymous_1)","decl":{"start":{"line":48,"column":2},"end":{"line":48,"column":3}},"loc":{"start":{"line":48,"column":26},"end":{"line":64,"column":3}},"line":48},"2":{"name":"(anonymous_2)","decl":{"start":{"line":49,"column":24},"end":{"line":49,"column":25}},"loc":{"start":{"line":49,"column":36},"end":{"line":59,"column":5}},"line":49},"3":{"name":"(anonymous_3)","decl":{"start":{"line":61,"column":15},"end":{"line":61,"column":16}},"loc":{"start":{"line":61,"column":21},"end":{"line":61,"column":48}},"line":61}},"branchMap":{"0":{"loc":{"start":{"line":21,"column":17},"end":{"line":21,"column":32}},"type":"default-arg","locations":[{"start":{"line":21,"column":27},"end":{"line":21,"column":32}}],"line":21},"1":{"loc":{"start":{"line":21,"column":34},"end":{"line":21,"column":44}},"type":"default-arg","locations":[{"start":{"line":21,"column":42},"end":{"line":21,"column":44}}],"line":21}},"s":{"0":0,"1":0,"2":0,"3":0,"4":0,"5":0,"6":0,"7":0,"8":0,"9":0,"10":0,"11":0,"12":0,"13":0},"f":{"0":0,"1":0,"2":0,"3":0},"b":{"0":[0],"1":[0]},"_coverageSchema":"43e27e138ebf9cfc5966b082cf9a028302ed4184","hash":"079126598d694447e40c76828aed3c26c4d87182"}
,"D:\\Text\\rx-util\\src\\module\\ajax\\download.js": {"path":"D:\\Text\\rx-util\\src\\module\\ajax\\download.js","statementMap":{"0":{"start":{"line":9,"column":16},"end":{"line":9,"column":43}},"1":{"start":{"line":10,"column":2},"end":{"line":10,"column":29}},"2":{"start":{"line":11,"column":2},"end":{"line":11,"column":32}},"3":{"start":{"line":13,"column":2},"end":{"line":13,"column":42}},"4":{"start":{"line":15,"column":2},"end":{"line":15,"column":36}},"5":{"start":{"line":16,"column":2},"end":{"line":16,"column":17}},"6":{"start":{"line":18,"column":2},"end":{"line":18,"column":36}}},"fnMap":{"0":{"name":"download","decl":{"start":{"line":7,"column":16},"end":{"line":7,"column":24}},"loc":{"start":{"line":7,"column":54},"end":{"line":19,"column":1}},"line":7}},"branchMap":{"0":{"loc":{"start":{"line":7,"column":32},"end":{"line":7,"column":52}},"type":"default-arg","locations":[{"start":{"line":7,"column":43},"end":{"line":7,"column":52}}],"line":7}},"s":{"0":0,"1":0,"2":0,"3":0,"4":0,"5":0,"6":0},"f":{"0":0},"b":{"0":[0]},"_coverageSchema":"43e27e138ebf9cfc5966b082cf9a028302ed4184","hash":"c9276f1902371cfb040c5ef049d7669297ed12cf"}
,"D:\\Text\\rx-util\\src\\module\\ajax\\downloadString.js": {"path":"D:\\Text\\rx-util\\src\\module\\ajax\\downloadString.js","statementMap":{"0":{"start":{"line":10,"column":15},"end":{"line":12,"column":4}},"1":{"start":{"line":13,"column":2},"end":{"line":13,"column":26}}},"fnMap":{"0":{"name":"downloadString","decl":{"start":{"line":9,"column":22},"end":{"line":9,"column":36}},"loc":{"start":{"line":9,"column":69},"end":{"line":14,"column":1}},"line":9}},"branchMap":{"0":{"loc":{"start":{"line":9,"column":43},"end":{"line":9,"column":67}},"type":"default-arg","locations":[{"start":{"line":9,"column":54},"end":{"line":9,"column":67}}],"line":9}},"s":{"0":0,"1":0},"f":{"0":0},"b":{"0":[0]},"_coverageSchema":"43e27e138ebf9cfc5966b082cf9a028302ed4184","hash":"7802057e5f96cf172c285ece2fa8bb5d2fb0a716"}
,"D:\\Text\\rx-util\\src\\module\\ajax\\downloadUrl.js": {"path":"D:\\Text\\rx-util\\src\\module\\ajax\\downloadUrl.js","statementMap":{"0":{"start":{"line":13,"column":2},"end":{"line":19,"column":3}},"1":{"start":{"line":14,"column":16},"end":{"line":14,"column":32}},"2":{"start":{"line":15,"column":17},"end":{"line":15,"column":33}},"3":{"start":{"line":16,"column":4},"end":{"line":16,"column":28}},"4":{"start":{"line":18,"column":4},"end":{"line":18,"column":39}}},"fnMap":{"0":{"name":"downloadUrl","decl":{"start":{"line":9,"column":22},"end":{"line":9,"column":33}},"loc":{"start":{"line":12,"column":2},"end":{"line":20,"column":1}},"line":12}},"branchMap":{"0":{"loc":{"start":{"line":11,"column":2},"end":{"line":11,"column":45}},"type":"default-arg","locations":[{"start":{"line":11,"column":13},"end":{"line":11,"column":45}}],"line":11}},"s":{"0":0,"1":0,"2":0,"3":0,"4":0},"f":{"0":0},"b":{"0":[0]},"_coverageSchema":"43e27e138ebf9cfc5966b082cf9a028302ed4184","hash":"356c0f7968a8cdb519bc25d5284fcc5abdbd7c82"}
,"D:\\Text\\rx-util\\src\\module\\ajax\\fetchTimeout.js": {"path":"D:\\Text\\rx-util\\src\\module\\ajax\\fetchTimeout.js","statementMap":{"0":{"start":{"line":10,"column":16},"end":{"line":10,"column":20}},"1":{"start":{"line":12,"column":21},"end":{"line":16,"column":4}},"2":{"start":{"line":13,"column":4},"end":{"line":15,"column":5}},"3":{"start":{"line":14,"column":6},"end":{"line":14,"column":40}},"4":{"start":{"line":18,"column":25},"end":{"line":18,"column":67}},"5":{"start":{"line":19,"column":2},"end":{"line":21,"column":13}},"6":{"start":{"line":20,"column":4},"end":{"line":20,"column":13}},"7":{"start":{"line":22,"column":2},"end":{"line":22,"column":25}}},"fnMap":{"0":{"name":"fetchTimeout","decl":{"start":{"line":9,"column":16},"end":{"line":9,"column":28}},"loc":{"start":{"line":9,"column":53},"end":{"line":23,"column":1}},"line":9},"1":{"name":"(anonymous_1)","decl":{"start":{"line":12,"column":33},"end":{"line":12,"column":34}},"loc":{"start":{"line":12,"column":60},"end":{"line":16,"column":3}},"line":12},"2":{"name":"(anonymous_2)","decl":{"start":{"line":13,"column":14},"end":{"line":13,"column":15}},"loc":{"start":{"line":13,"column":26},"end":{"line":15,"column":5}},"line":13},"3":{"name":"(anonymous_3)","decl":{"start":{"line":19,"column":13},"end":{"line":19,"column":14}},"loc":{"start":{"line":19,"column":25},"end":{"line":21,"column":3}},"line":19}},"branchMap":{},"s":{"0":0,"1":0,"2":0,"3":0,"4":0,"5":0,"6":0,"7":0},"f":{"0":0,"1":0,"2":0,"3":0},"b":{},"_coverageSchema":"43e27e138ebf9cfc5966b082cf9a028302ed4184","hash":"84bc111f1ed18f1ac054bb62d5c3af6dd9b719c8"}
,"D:\\Text\\rx-util\\src\\module\\ajax\\getCookies.js": {"path":"D:\\Text\\rx-util\\src\\module\\ajax\\getCookies.js","statementMap":{"0":{"start":{"line":7,"column":2},"end":{"line":11,"column":54}},"1":{"start":{"line":9,"column":16},"end":{"line":9,"column":30}},"2":{"start":{"line":10,"column":16},"end":{"line":10,"column":46}},"3":{"start":{"line":11,"column":29},"end":{"line":11,"column":42}}},"fnMap":{"0":{"name":"getCookies","decl":{"start":{"line":6,"column":16},"end":{"line":6,"column":26}},"loc":{"start":{"line":6,"column":30},"end":{"line":12,"column":1}},"line":6},"1":{"name":"(anonymous_1)","decl":{"start":{"line":9,"column":9},"end":{"line":9,"column":10}},"loc":{"start":{"line":9,"column":16},"end":{"line":9,"column":30}},"line":9},"2":{"name":"(anonymous_2)","decl":{"start":{"line":10,"column":9},"end":{"line":10,"column":10}},"loc":{"start":{"line":10,"column":16},"end":{"line":10,"column":46}},"line":10},"3":{"name":"(anonymous_3)","decl":{"start":{"line":11,"column":12},"end":{"line":11,"column":13}},"loc":{"start":{"line":11,"column":29},"end":{"line":11,"column":42}},"line":11}},"branchMap":{},"s":{"0":0,"1":0,"2":0,"3":0},"f":{"0":0,"1":0,"2":0,"3":0},"b":{},"_coverageSchema":"43e27e138ebf9cfc5966b082cf9a028302ed4184","hash":"61e82aef20b5afc428c2748bc132e464d5cc1170"}
,"D:\\Text\\rx-util\\src\\module\\ajax\\loadResource.js": {"path":"D:\\Text\\rx-util\\src\\module\\ajax\\loadResource.js","statementMap":{"0":{"start":{"line":11,"column":14},"end":{"line":11,"column":36}},"1":{"start":{"line":12,"column":15},"end":{"line":12,"column":31}},"2":{"start":{"line":14,"column":2},"end":{"line":14,"column":44}}},"fnMap":{"0":{"name":"loadResource","decl":{"start":{"line":10,"column":22},"end":{"line":10,"column":34}},"loc":{"start":{"line":10,"column":57},"end":{"line":15,"column":1}},"line":10}},"branchMap":{"0":{"loc":{"start":{"line":10,"column":46},"end":{"line":10,"column":55}},"type":"default-arg","locations":[{"start":{"line":10,"column":53},"end":{"line":10,"column":55}}],"line":10}},"s":{"0":0,"1":0,"2":0},"f":{"0":0},"b":{"0":[0]},"_coverageSchema":"43e27e138ebf9cfc5966b082cf9a028302ed4184","hash":"4bf8f13d24e5590636c92cfffcca0f7cfc23871c"}
,"D:\\Text\\rx-util\\src\\module\\ajax\\parseUrl.js": {"path":"D:\\Text\\rx-util\\src\\module\\ajax\\parseUrl.js","statementMap":{"0":{"start":{"line":32,"column":4},"end":{"line":32,"column":20}},"1":{"start":{"line":36,"column":4},"end":{"line":36,"column":26}},"2":{"start":{"line":40,"column":4},"end":{"line":40,"column":28}},"3":{"start":{"line":44,"column":4},"end":{"line":44,"column":24}},"4":{"start":{"line":48,"column":4},"end":{"line":48,"column":32}},"5":{"start":{"line":52,"column":4},"end":{"line":52,"column":24}},"6":{"start":{"line":56,"column":4},"end":{"line":56,"column":18}},"7":{"start":{"line":60,"column":4},"end":{"line":60,"column":20}},"8":{"start":{"line":67,"column":22},"end":{"line":72,"column":1}},"9":{"start":{"line":80,"column":2},"end":{"line":82,"column":3}},"10":{"start":{"line":81,"column":4},"end":{"line":81,"column":31}},"11":{"start":{"line":84,"column":17},"end":{"line":84,"column":68}},"12":{"start":{"line":85,"column":16},"end":{"line":85,"column":32}},"13":{"start":{"line":86,"column":14},"end":{"line":94,"column":4}},"14":{"start":{"line":95,"column":13},"end":{"line":95,"column":43}},"15":{"start":{"line":96,"column":20},"end":{"line":96,"column":37}},"16":{"start":{"line":97,"column":2},"end":{"line":100,"column":3}},"17":{"start":{"line":98,"column":4},"end":{"line":98,"column":25}},"18":{"start":{"line":99,"column":4},"end":{"line":99,"column":14}},"19":{"start":{"line":101,"column":2},"end":{"line":101,"column":44}},"20":{"start":{"line":102,"column":2},"end":{"line":104,"column":3}},"21":{"start":{"line":103,"column":4},"end":{"line":103,"column":75}},"22":{"start":{"line":105,"column":2},"end":{"line":105,"column":58}},"23":{"start":{"line":107,"column":2},"end":{"line":126,"column":10}},"24":{"start":{"line":110,"column":16},"end":{"line":110,"column":30}},"25":{"start":{"line":111,"column":19},"end":{"line":111,"column":32}},"26":{"start":{"line":113,"column":16},"end":{"line":113,"column":42}},"27":{"start":{"line":114,"column":16},"end":{"line":114,"column":66}},"28":{"start":{"line":116,"column":17},"end":{"line":116,"column":26}},"29":{"start":{"line":117,"column":6},"end":{"line":124,"column":7}},"30":{"start":{"line":118,"column":8},"end":{"line":120,"column":9}},"31":{"start":{"line":119,"column":10},"end":{"line":119,"column":26}},"32":{"start":{"line":121,"column":8},"end":{"line":121,"column":25}},"33":{"start":{"line":123,"column":8},"end":{"line":123,"column":21}},"34":{"start":{"line":125,"column":6},"end":{"line":125,"column":19}},"35":{"start":{"line":127,"column":2},"end":{"line":127,"column":12}}},"fnMap":{"0":{"name":"(anonymous_0)","decl":{"start":{"line":19,"column":2},"end":{"line":19,"column":3}},"loc":{"start":{"line":28,"column":10},"end":{"line":61,"column":3}},"line":28},"1":{"name":"parseUrl","decl":{"start":{"line":79,"column":16},"end":{"line":79,"column":24}},"loc":{"start":{"line":79,"column":31},"end":{"line":128,"column":1}},"line":79},"2":{"name":"(anonymous_2)","decl":{"start":{"line":110,"column":9},"end":{"line":110,"column":10}},"loc":{"start":{"line":110,"column":16},"end":{"line":110,"column":30}},"line":110},"3":{"name":"(anonymous_3)","decl":{"start":{"line":111,"column":12},"end":{"line":111,"column":13}},"loc":{"start":{"line":111,"column":19},"end":{"line":111,"column":32}},"line":111},"4":{"name":"(anonymous_4)","decl":{"start":{"line":112,"column":12},"end":{"line":112,"column":13}},"loc":{"start":{"line":112,"column":29},"end":{"line":126,"column":5}},"line":112}},"branchMap":{"0":{"loc":{"start":{"line":19,"column":15},"end":{"line":28,"column":8}},"type":"default-arg","locations":[{"start":{"line":28,"column":6},"end":{"line":28,"column":8}}],"line":19},"1":{"loc":{"start":{"line":20,"column":4},"end":{"line":20,"column":13}},"type":"default-arg","locations":[{"start":{"line":20,"column":11},"end":{"line":20,"column":13}}],"line":20},"2":{"loc":{"start":{"line":21,"column":4},"end":{"line":21,"column":16}},"type":"default-arg","locations":[{"start":{"line":21,"column":14},"end":{"line":21,"column":16}}],"line":21},"3":{"loc":{"start":{"line":22,"column":4},"end":{"line":22,"column":17}},"type":"default-arg","locations":[{"start":{"line":22,"column":15},"end":{"line":22,"column":17}}],"line":22},"4":{"loc":{"start":{"line":23,"column":4},"end":{"line":23,"column":15}},"type":"default-arg","locations":[{"start":{"line":23,"column":13},"end":{"line":23,"column":15}}],"line":23},"5":{"loc":{"start":{"line":24,"column":4},"end":{"line":24,"column":19}},"type":"default-arg","locations":[{"start":{"line":24,"column":17},"end":{"line":24,"column":19}}],"line":24},"6":{"loc":{"start":{"line":25,"column":4},"end":{"line":25,"column":15}},"type":"default-arg","locations":[{"start":{"line":25,"column":13},"end":{"line":25,"column":15}}],"line":25},"7":{"loc":{"start":{"line":26,"column":4},"end":{"line":26,"column":12}},"type":"default-arg","locations":[{"start":{"line":26,"column":10},"end":{"line":26,"column":12}}],"line":26},"8":{"loc":{"start":{"line":27,"column":4},"end":{"line":27,"column":12}},"type":"default-arg","locations":[{"start":{"line":27,"column":11},"end":{"line":27,"column":12}}],"line":27},"9":{"loc":{"start":{"line":80,"column":2},"end":{"line":82,"column":3}},"type":"if","locations":[{"start":{"line":80,"column":2},"end":{"line":82,"column":3}},{"start":{"line":80,"column":2},"end":{"line":82,"column":3}}],"line":80},"10":{"loc":{"start":{"line":97,"column":2},"end":{"line":100,"column":3}},"type":"if","locations":[{"start":{"line":97,"column":2},"end":{"line":100,"column":3}},{"start":{"line":97,"column":2},"end":{"line":100,"column":3}}],"line":97},"11":{"loc":{"start":{"line":102,"column":2},"end":{"line":104,"column":3}},"type":"if","locations":[{"start":{"line":102,"column":2},"end":{"line":104,"column":3}},{"start":{"line":102,"column":2},"end":{"line":104,"column":3}}],"line":102},"12":{"loc":{"start":{"line":105,"column":13},"end":{"line":105,"column":58}},"type":"binary-expr","locations":[{"start":{"line":105,"column":13},"end":{"line":105,"column":21}},{"start":{"line":105,"column":25},"end":{"line":105,"column":52}},{"start":{"line":105,"column":56},"end":{"line":105,"column":58}}],"line":105},"13":{"loc":{"start":{"line":114,"column":35},"end":{"line":114,"column":65}},"type":"cond-expr","locations":[{"start":{"line":114,"column":54},"end":{"line":114,"column":56}},{"start":{"line":114,"column":59},"end":{"line":114,"column":65}}],"line":114},"14":{"loc":{"start":{"line":117,"column":6},"end":{"line":124,"column":7}},"type":"if","locations":[{"start":{"line":117,"column":6},"end":{"line":124,"column":7}},{"start":{"line":117,"column":6},"end":{"line":124,"column":7}}],"line":117},"15":{"loc":{"start":{"line":118,"column":8},"end":{"line":120,"column":9}},"type":"if","locations":[{"start":{"line":118,"column":8},"end":{"line":120,"column":9}},{"start":{"line":118,"column":8},"end":{"line":120,"column":9}}],"line":118}},"s":{"0":1,"1":1,"2":1,"3":1,"4":1,"5":1,"6":1,"7":1,"8":2,"9":1,"10":0,"11":1,"12":1,"13":1,"14":1,"15":1,"16":1,"17":0,"18":0,"19":1,"20":1,"21":1,"22":1,"23":1,"24":2,"25":2,"26":2,"27":2,"28":2,"29":2,"30":0,"31":0,"32":0,"33":2,"34":2,"35":1},"f":{"0":1,"1":1,"2":2,"3":2,"4":2},"b":{"0":[0],"1":[0],"2":[0],"3":[0],"4":[0],"5":[1],"6":[1],"7":[0],"8":[1],"9":[0,1],"10":[0,1],"11":[1,0],"12":[1,1,0],"13":[0,2],"14":[0,2],"15":[0,0]},"_coverageSchema":"43e27e138ebf9cfc5966b082cf9a028302ed4184","hash":"1a1afe6e9339d4b1b8e1f676f8cd6e8213c48bda"}
,"D:\\Text\\rx-util\\src\\module\\ajax\\readLocal.js": {"path":"D:\\Text\\rx-util\\src\\module\\ajax\\readLocal.js","statementMap":{"0":{"start":{"line":14,"column":2},"end":{"line":27,"column":4}},"1":{"start":{"line":15,"column":4},"end":{"line":17,"column":5}},"2":{"start":{"line":16,"column":6},"end":{"line":16,"column":42}},"3":{"start":{"line":18,"column":15},"end":{"line":18,"column":31}},"4":{"start":{"line":19,"column":4},"end":{"line":22,"column":5}},"5":{"start":{"line":21,"column":6},"end":{"line":21,"column":34}},"6":{"start":{"line":23,"column":4},"end":{"line":25,"column":5}},"7":{"start":{"line":24,"column":6},"end":{"line":24,"column":19}},"8":{"start":{"line":26,"column":4},"end":{"line":26,"column":28}},"9":{"start":{"line":29,"column":0},"end":{"line":29,"column":35}},"10":{"start":{"line":30,"column":0},"end":{"line":30,"column":29}},"11":{"start":{"line":31,"column":0},"end":{"line":31,"column":45}},"12":{"start":{"line":32,"column":0},"end":{"line":32,"column":43}}},"fnMap":{"0":{"name":"readLocal","decl":{"start":{"line":10,"column":16},"end":{"line":10,"column":25}},"loc":{"start":{"line":13,"column":2},"end":{"line":28,"column":1}},"line":13},"1":{"name":"(anonymous_1)","decl":{"start":{"line":14,"column":21},"end":{"line":14,"column":22}},"loc":{"start":{"line":14,"column":42},"end":{"line":27,"column":3}},"line":14},"2":{"name":"(anonymous_2)","decl":{"start":{"line":19,"column":16},"end":{"line":19,"column":17}},"loc":{"start":{"line":19,"column":25},"end":{"line":22,"column":5}},"line":19},"3":{"name":"(anonymous_3)","decl":{"start":{"line":23,"column":17},"end":{"line":23,"column":18}},"loc":{"start":{"line":23,"column":26},"end":{"line":25,"column":5}},"line":23}},"branchMap":{"0":{"loc":{"start":{"line":12,"column":2},"end":{"line":12,"column":55}},"type":"default-arg","locations":[{"start":{"line":12,"column":53},"end":{"line":12,"column":55}}],"line":12},"1":{"loc":{"start":{"line":12,"column":4},"end":{"line":12,"column":28}},"type":"default-arg","locations":[{"start":{"line":12,"column":11},"end":{"line":12,"column":28}}],"line":12},"2":{"loc":{"start":{"line":12,"column":30},"end":{"line":12,"column":48}},"type":"default-arg","locations":[{"start":{"line":12,"column":41},"end":{"line":12,"column":48}}],"line":12},"3":{"loc":{"start":{"line":15,"column":4},"end":{"line":17,"column":5}},"type":"if","locations":[{"start":{"line":15,"column":4},"end":{"line":17,"column":5}},{"start":{"line":15,"column":4},"end":{"line":17,"column":5}}],"line":15}},"s":{"0":0,"1":0,"2":0,"3":0,"4":0,"5":0,"6":0,"7":0,"8":0,"9":1,"10":1,"11":1,"12":1},"f":{"0":0,"1":0,"2":0,"3":0},"b":{"0":[0],"1":[0],"2":[0],"3":[0,0]},"_coverageSchema":"43e27e138ebf9cfc5966b082cf9a028302ed4184","hash":"1539e6deafcd7f2a36d0e20430030bf07fa6e072"}
,"D:\\Text\\rx-util\\src\\module\\ajax\\spliceParams.js": {"path":"D:\\Text\\rx-util\\src\\module\\ajax\\spliceParams.js","statementMap":{"0":{"start":{"line":8,"column":22},"end":{"line":8,"column":47}},"1":{"start":{"line":14,"column":15},"end":{"line":14,"column":76}},"2":{"start":{"line":14,"column":25},"end":{"line":14,"column":76}},"3":{"start":{"line":22,"column":2},"end":{"line":24,"column":3}},"4":{"start":{"line":23,"column":4},"end":{"line":23,"column":67}},"5":{"start":{"line":25,"column":2},"end":{"line":43,"column":8}},"6":{"start":{"line":26,"column":4},"end":{"line":41,"column":5}},"7":{"start":{"line":27,"column":6},"end":{"line":27,"column":16}},"8":{"start":{"line":28,"column":11},"end":{"line":41,"column":5}},"9":{"start":{"line":29,"column":6},"end":{"line":29,"column":52}},"10":{"start":{"line":30,"column":11},"end":{"line":41,"column":5}},"11":{"start":{"line":31,"column":6},"end":{"line":38,"column":18}},"12":{"start":{"line":33,"column":10},"end":{"line":36,"column":11}},"13":{"start":{"line":40,"column":6},"end":{"line":40,"column":25}},"14":{"start":{"line":42,"column":4},"end":{"line":42,"column":23}}},"fnMap":{"0":{"name":"(anonymous_0)","decl":{"start":{"line":14,"column":15},"end":{"line":14,"column":16}},"loc":{"start":{"line":14,"column":25},"end":{"line":14,"column":76}},"line":14},"1":{"name":"spliceParams","decl":{"start":{"line":21,"column":16},"end":{"line":21,"column":28}},"loc":{"start":{"line":21,"column":43},"end":{"line":44,"column":1}},"line":21},"2":{"name":"(anonymous_2)","decl":{"start":{"line":25,"column":51},"end":{"line":25,"column":52}},"loc":{"start":{"line":25,"column":68},"end":{"line":43,"column":3}},"line":25},"3":{"name":"(anonymous_3)","decl":{"start":{"line":32,"column":13},"end":{"line":32,"column":14}},"loc":{"start":{"line":33,"column":10},"end":{"line":36,"column":11}},"line":33}},"branchMap":{"0":{"loc":{"start":{"line":21,"column":30},"end":{"line":21,"column":41}},"type":"default-arg","locations":[{"start":{"line":21,"column":39},"end":{"line":21,"column":41}}],"line":21},"1":{"loc":{"start":{"line":22,"column":2},"end":{"line":24,"column":3}},"type":"if","locations":[{"start":{"line":22,"column":2},"end":{"line":24,"column":3}},{"start":{"line":22,"column":2},"end":{"line":24,"column":3}}],"line":22},"2":{"loc":{"start":{"line":26,"column":4},"end":{"line":41,"column":5}},"type":"if","locations":[{"start":{"line":26,"column":4},"end":{"line":41,"column":5}},{"start":{"line":26,"column":4},"end":{"line":41,"column":5}}],"line":26},"3":{"loc":{"start":{"line":26,"column":8},"end":{"line":26,"column":37}},"type":"binary-expr","locations":[{"start":{"line":26,"column":8},"end":{"line":26,"column":23}},{"start":{"line":26,"column":27},"end":{"line":26,"column":37}}],"line":26},"4":{"loc":{"start":{"line":28,"column":11},"end":{"line":41,"column":5}},"type":"if","locations":[{"start":{"line":28,"column":11},"end":{"line":41,"column":5}},{"start":{"line":28,"column":11},"end":{"line":41,"column":5}}],"line":28},"5":{"loc":{"start":{"line":30,"column":11},"end":{"line":41,"column":5}},"type":"if","locations":[{"start":{"line":30,"column":11},"end":{"line":41,"column":5}},{"start":{"line":30,"column":11},"end":{"line":41,"column":5}}],"line":30},"6":{"loc":{"start":{"line":35,"column":12},"end":{"line":35,"column":73}},"type":"cond-expr","locations":[{"start":{"line":35,"column":35},"end":{"line":35,"column":66}},{"start":{"line":35,"column":69},"end":{"line":35,"column":73}}],"line":35}},"s":{"0":2,"1":2,"2":10,"3":7,"4":1,"5":6,"6":7,"7":0,"8":7,"9":1,"10":6,"11":2,"12":5,"13":4,"14":7},"f":{"0":10,"1":7,"2":7,"3":5},"b":{"0":[1],"1":[1,6],"2":[0,7],"3":[7,7],"4":[1,6],"5":[2,4],"6":[2,3]},"_coverageSchema":"43e27e138ebf9cfc5966b082cf9a028302ed4184","hash":"89118c4c6d25437841850acdc44ee548490b3fe3"}
,"D:\\Text\\rx-util\\src\\module\\ajax\\strToArrayBuffer.js": {"path":"D:\\Text\\rx-util\\src\\module\\ajax\\strToArrayBuffer.js","statementMap":{"0":{"start":{"line":9,"column":14},"end":{"line":9,"column":41}},"1":{"start":{"line":10,"column":15},"end":{"line":10,"column":34}},"2":{"start":{"line":11,"column":2},"end":{"line":13,"column":3}},"3":{"start":{"line":11,"column":15},"end":{"line":11,"column":16}},"4":{"start":{"line":12,"column":4},"end":{"line":12,"column":38}},"5":{"start":{"line":14,"column":2},"end":{"line":14,"column":12}}},"fnMap":{"0":{"name":"strToArrayBuffer","decl":{"start":{"line":8,"column":16},"end":{"line":8,"column":32}},"loc":{"start":{"line":8,"column":39},"end":{"line":15,"column":1}},"line":8}},"branchMap":{},"s":{"0":0,"1":0,"2":0,"3":0,"4":0,"5":0},"f":{"0":0},"b":{},"_coverageSchema":"43e27e138ebf9cfc5966b082cf9a028302ed4184","hash":"abce00e64ccbacbc90deb8e1f7926372b9827372"}
,"D:\\Text\\rx-util\\src\\module\\array\\arrayDiffBy.js": {"path":"D:\\Text\\rx-util\\src\\module\\array\\arrayDiffBy.js","statementMap":{"0":{"start":{"line":19,"column":4},"end":{"line":19,"column":20}},"1":{"start":{"line":23,"column":4},"end":{"line":23,"column":22}},"2":{"start":{"line":27,"column":4},"end":{"line":27,"column":24}},"3":{"start":{"line":40,"column":19},"end":{"line":40,"column":44}},"4":{"start":{"line":42,"column":19},"end":{"line":42,"column":44}},"5":{"start":{"line":43,"column":15},"end":{"line":43,"column":57}},"6":{"start":{"line":43,"column":35},"end":{"line":43,"column":56}},"7":{"start":{"line":44,"column":16},"end":{"line":44,"column":58}},"8":{"start":{"line":44,"column":36},"end":{"line":44,"column":57}},"9":{"start":{"line":46,"column":19},"end":{"line":46,"column":41}},"10":{"start":{"line":47,"column":17},"end":{"line":47,"column":59}},"11":{"start":{"line":47,"column":37},"end":{"line":47,"column":58}},"12":{"start":{"line":48,"column":2},"end":{"line":48,"column":43}}},"fnMap":{"0":{"name":"(anonymous_0)","decl":{"start":{"line":15,"column":2},"end":{"line":15,"column":3}},"loc":{"start":{"line":15,"column":36},"end":{"line":28,"column":3}},"line":15},"1":{"name":"arrayDiffBy","decl":{"start":{"line":38,"column":16},"end":{"line":38,"column":27}},"loc":{"start":{"line":38,"column":67},"end":{"line":49,"column":1}},"line":38},"2":{"name":"(anonymous_2)","decl":{"start":{"line":43,"column":30},"end":{"line":43,"column":31}},"loc":{"start":{"line":43,"column":35},"end":{"line":43,"column":56}},"line":43},"3":{"name":"(anonymous_3)","decl":{"start":{"line":44,"column":31},"end":{"line":44,"column":32}},"loc":{"start":{"line":44,"column":36},"end":{"line":44,"column":57}},"line":44},"4":{"name":"(anonymous_4)","decl":{"start":{"line":47,"column":32},"end":{"line":47,"column":33}},"loc":{"start":{"line":47,"column":37},"end":{"line":47,"column":58}},"line":47}},"branchMap":{"0":{"loc":{"start":{"line":38,"column":47},"end":{"line":38,"column":65}},"type":"default-arg","locations":[{"start":{"line":38,"column":53},"end":{"line":38,"column":65}}],"line":38}},"s":{"0":2,"1":2,"2":2,"3":2,"4":2,"5":2,"6":8,"7":2,"8":6,"9":2,"10":2,"11":8,"12":2},"f":{"0":2,"1":2,"2":8,"3":6,"4":8},"b":{"0":[1]},"_coverageSchema":"43e27e138ebf9cfc5966b082cf9a028302ed4184","hash":"27ff689fb53864470e34489a1c440fb421fff68b"}
,"D:\\Text\\rx-util\\src\\module\\array\\arrayToMap.js": {"path":"D:\\Text\\rx-util\\src\\module\\array\\arrayToMap.js","statementMap":{"0":{"start":{"line":10,"column":51},"end":{"line":10,"column":52}},"1":{"start":{"line":11,"column":2},"end":{"line":14,"column":15}},"2":{"start":{"line":12,"column":4},"end":{"line":12,"column":33}},"3":{"start":{"line":13,"column":4},"end":{"line":13,"column":14}}},"fnMap":{"0":{"name":"arrayToMap","decl":{"start":{"line":10,"column":16},"end":{"line":10,"column":26}},"loc":{"start":{"line":10,"column":54},"end":{"line":15,"column":1}},"line":10},"1":{"name":"(anonymous_1)","decl":{"start":{"line":10,"column":46},"end":{"line":10,"column":47}},"loc":{"start":{"line":10,"column":51},"end":{"line":10,"column":52}},"line":10},"2":{"name":"(anonymous_2)","decl":{"start":{"line":11,"column":22},"end":{"line":11,"column":23}},"loc":{"start":{"line":11,"column":37},"end":{"line":14,"column":3}},"line":11}},"branchMap":{"0":{"loc":{"start":{"line":10,"column":40},"end":{"line":10,"column":52}},"type":"default-arg","locations":[{"start":{"line":10,"column":46},"end":{"line":10,"column":52}}],"line":10}},"s":{"0":3,"1":9,"2":59,"3":59},"f":{"0":9,"1":3,"2":59},"b":{"0":[1]},"_coverageSchema":"43e27e138ebf9cfc5966b082cf9a028302ed4184","hash":"63fe4f81b22c98116c7f286ca813eda5f9f6bd15"}
,"D:\\Text\\rx-util\\src\\module\\array\\asIterator.js": {"path":"D:\\Text\\rx-util\\src\\module\\array\\asIterator.js","statementMap":{"0":{"start":{"line":10,"column":12},"end":{"line":10,"column":14}},"1":{"start":{"line":11,"column":2},"end":{"line":17,"column":3}},"2":{"start":{"line":12,"column":15},"end":{"line":12,"column":30}},"3":{"start":{"line":13,"column":4},"end":{"line":15,"column":5}},"4":{"start":{"line":14,"column":6},"end":{"line":14,"column":11}},"5":{"start":{"line":16,"column":4},"end":{"line":16,"column":24}},"6":{"start":{"line":18,"column":2},"end":{"line":18,"column":12}}},"fnMap":{"0":{"name":"asIterator","decl":{"start":{"line":9,"column":16},"end":{"line":9,"column":26}},"loc":{"start":{"line":9,"column":38},"end":{"line":19,"column":1}},"line":9}},"branchMap":{"0":{"loc":{"start":{"line":13,"column":4},"end":{"line":15,"column":5}},"type":"if","locations":[{"start":{"line":13,"column":4},"end":{"line":15,"column":5}},{"start":{"line":13,"column":4},"end":{"line":15,"column":5}}],"line":13}},"s":{"0":1,"1":1,"2":3,"3":3,"4":1,"5":2,"6":1},"f":{"0":1},"b":{"0":[1,2]},"_coverageSchema":"43e27e138ebf9cfc5966b082cf9a028302ed4184","hash":"c0ed718f79cfd29e97fac4b28d591cc942596201"}
,"D:\\Text\\rx-util\\src\\module\\array\\asyncFlatMap.js": {"path":"D:\\Text\\rx-util\\src\\module\\array\\asyncFlatMap.js","statementMap":{"0":{"start":{"line":10,"column":12},"end":{"line":10,"column":14}},"1":{"start":{"line":11,"column":2},"end":{"line":13,"column":3}},"2":{"start":{"line":12,"column":4},"end":{"line":12,"column":38}},"3":{"start":{"line":14,"column":2},"end":{"line":14,"column":12}}},"fnMap":{"0":{"name":"asyncFlatMap","decl":{"start":{"line":9,"column":22},"end":{"line":9,"column":34}},"loc":{"start":{"line":9,"column":45},"end":{"line":15,"column":1}},"line":9}},"branchMap":{},"s":{"0":1,"1":1,"2":3,"3":1},"f":{"0":1},"b":{},"_coverageSchema":"43e27e138ebf9cfc5966b082cf9a028302ed4184","hash":"4522fcbe22ac062a6fbfbf9e39e39e65edf0106e"}
,"D:\\Text\\rx-util\\src\\module\\array\\filterItems.js": {"path":"D:\\Text\\rx-util\\src\\module\\array\\filterItems.js","statementMap":{"0":{"start":{"line":13,"column":15},"end":{"line":13,"column":44}},"1":{"start":{"line":14,"column":2},"end":{"line":14,"column":43}},"2":{"start":{"line":14,"column":25},"end":{"line":14,"column":42}}},"fnMap":{"0":{"name":"filterItems","decl":{"start":{"line":11,"column":16},"end":{"line":11,"column":27}},"loc":{"start":{"line":11,"column":67},"end":{"line":15,"column":1}},"line":11},"1":{"name":"(anonymous_1)","decl":{"start":{"line":14,"column":20},"end":{"line":14,"column":21}},"loc":{"start":{"line":14,"column":25},"end":{"line":14,"column":42}},"line":14}},"branchMap":{"0":{"loc":{"start":{"line":11,"column":47},"end":{"line":11,"column":65}},"type":"default-arg","locations":[{"start":{"line":11,"column":53},"end":{"line":11,"column":65}}],"line":11}},"s":{"0":3,"1":3,"2":12},"f":{"0":3,"1":12},"b":{"0":[2]},"_coverageSchema":"43e27e138ebf9cfc5966b082cf9a028302ed4184","hash":"e4c8b154cf33a55a770655524b62296ee4e66c42"}
,"D:\\Text\\rx-util\\src\\module\\array\\flatMap.js": {"path":"D:\\Text\\rx-util\\src\\module\\array\\flatMap.js","statementMap":{"0":{"start":{"line":12,"column":2},"end":{"line":12,"column":60}},"1":{"start":{"line":12,"column":35},"end":{"line":12,"column":55}}},"fnMap":{"0":{"name":"flatMap","decl":{"start":{"line":10,"column":16},"end":{"line":10,"column":23}},"loc":{"start":{"line":10,"column":34},"end":{"line":13,"column":1}},"line":10},"1":{"name":"(anonymous_1)","decl":{"start":{"line":12,"column":20},"end":{"line":12,"column":21}},"loc":{"start":{"line":12,"column":35},"end":{"line":12,"column":55}},"line":12}},"branchMap":{},"s":{"0":1,"1":3},"f":{"0":1,"1":3},"b":{},"_coverageSchema":"43e27e138ebf9cfc5966b082cf9a028302ed4184","hash":"722c81865a42d410562ef134bd2465659a8d7ec6"}
,"D:\\Text\\rx-util\\src\\module\\array\\groupBy.js": {"path":"D:\\Text\\rx-util\\src\\module\\array\\groupBy.js","statementMap":{"0":{"start":{"line":12,"column":2},"end":{"line":20,"column":15}},"1":{"start":{"line":13,"column":17},"end":{"line":13,"column":25}},"2":{"start":{"line":15,"column":4},"end":{"line":17,"column":5}},"3":{"start":{"line":16,"column":6},"end":{"line":16,"column":23}},"4":{"start":{"line":18,"column":4},"end":{"line":18,"column":28}},"5":{"start":{"line":19,"column":4},"end":{"line":19,"column":14}}},"fnMap":{"0":{"name":"groupBy","decl":{"start":{"line":10,"column":16},"end":{"line":10,"column":23}},"loc":{"start":{"line":10,"column":34},"end":{"line":21,"column":1}},"line":10},"1":{"name":"(anonymous_1)","decl":{"start":{"line":12,"column":20},"end":{"line":12,"column":21}},"loc":{"start":{"line":12,"column":35},"end":{"line":20,"column":3}},"line":12}},"branchMap":{"0":{"loc":{"start":{"line":15,"column":4},"end":{"line":17,"column":5}},"type":"if","locations":[{"start":{"line":15,"column":4},"end":{"line":17,"column":5}},{"start":{"line":15,"column":4},"end":{"line":17,"column":5}}],"line":15}},"s":{"0":1,"1":3,"2":3,"3":2,"4":3,"5":3},"f":{"0":1,"1":3},"b":{"0":[2,1]},"_coverageSchema":"43e27e138ebf9cfc5966b082cf9a028302ed4184","hash":"afa61fe033f970181354390589197f9103412c0a"}
,"D:\\Text\\rx-util\\src\\module\\array\\range.js": {"path":"D:\\Text\\rx-util\\src\\module\\array\\range.js","statementMap":{"0":{"start":{"line":11,"column":14},"end":{"line":11,"column":16}},"1":{"start":{"line":12,"column":2},"end":{"line":14,"column":3}},"2":{"start":{"line":12,"column":15},"end":{"line":12,"column":20}},"3":{"start":{"line":13,"column":4},"end":{"line":13,"column":15}},"4":{"start":{"line":15,"column":2},"end":{"line":15,"column":12}}},"fnMap":{"0":{"name":"range","decl":{"start":{"line":10,"column":16},"end":{"line":10,"column":21}},"loc":{"start":{"line":10,"column":44},"end":{"line":16,"column":1}},"line":10}},"branchMap":{"0":{"loc":{"start":{"line":10,"column":35},"end":{"line":10,"column":42}},"type":"default-arg","locations":[{"start":{"line":10,"column":41},"end":{"line":10,"column":42}}],"line":10}},"s":{"0":23,"1":23,"2":23,"3":79,"4":23},"f":{"0":23},"b":{"0":[23]},"_coverageSchema":"43e27e138ebf9cfc5966b082cf9a028302ed4184","hash":"1155dbe6ce6e0c017d833f82ab98a7b9823364cb"}
,"D:\\Text\\rx-util\\src\\module\\array\\toObject.js": {"path":"D:\\Text\\rx-util\\src\\module\\array\\toObject.js","statementMap":{"0":{"start":{"line":11,"column":50},"end":{"line":11,"column":54}},"1":{"start":{"line":12,"column":2},"end":{"line":17,"column":8}},"2":{"start":{"line":13,"column":4},"end":{"line":15,"column":5}},"3":{"start":{"line":14,"column":6},"end":{"line":14,"column":32}},"4":{"start":{"line":16,"column":4},"end":{"line":16,"column":14}}},"fnMap":{"0":{"name":"toObject","decl":{"start":{"line":11,"column":16},"end":{"line":11,"column":24}},"loc":{"start":{"line":11,"column":56},"end":{"line":18,"column":1}},"line":11},"1":{"name":"(anonymous_1)","decl":{"start":{"line":11,"column":42},"end":{"line":11,"column":43}},"loc":{"start":{"line":11,"column":50},"end":{"line":11,"column":54}},"line":11},"2":{"name":"(anonymous_2)","decl":{"start":{"line":12,"column":20},"end":{"line":12,"column":21}},"loc":{"start":{"line":12,"column":35},"end":{"line":17,"column":3}},"line":12}},"branchMap":{"0":{"loc":{"start":{"line":11,"column":36},"end":{"line":11,"column":54}},"type":"default-arg","locations":[{"start":{"line":11,"column":42},"end":{"line":11,"column":54}}],"line":11},"1":{"loc":{"start":{"line":13,"column":4},"end":{"line":15,"column":5}},"type":"if","locations":[{"start":{"line":13,"column":4},"end":{"line":15,"column":5}},{"start":{"line":13,"column":4},"end":{"line":15,"column":5}}],"line":13}},"s":{"0":3,"1":1,"2":3,"3":3,"4":3},"f":{"0":1,"1":3,"2":3},"b":{"0":[1],"1":[3,0]},"_coverageSchema":"43e27e138ebf9cfc5966b082cf9a028302ed4184","hash":"fa9310bd40dfe16600ce0da57bcbe1427efe3c31"}
,"D:\\Text\\rx-util\\src\\module\\array\\uniqueBy.js": {"path":"D:\\Text\\rx-util\\src\\module\\array\\uniqueBy.js","statementMap":{"0":{"start":{"line":8,"column":44},"end":{"line":8,"column":64}},"1":{"start":{"line":9,"column":14},"end":{"line":9,"column":16}},"2":{"start":{"line":10,"column":2},"end":{"line":12,"column":3}},"3":{"start":{"line":11,"column":4},"end":{"line":11,"column":65}}},"fnMap":{"0":{"name":"uniqueBy","decl":{"start":{"line":8,"column":16},"end":{"line":8,"column":24}},"loc":{"start":{"line":8,"column":66},"end":{"line":13,"column":1}},"line":8},"1":{"name":"(anonymous_1)","decl":{"start":{"line":8,"column":36},"end":{"line":8,"column":37}},"loc":{"start":{"line":8,"column":44},"end":{"line":8,"column":64}},"line":8},"2":{"name":"(anonymous_2)","decl":{"start":{"line":10,"column":20},"end":{"line":10,"column":21}},"loc":{"start":{"line":11,"column":4},"end":{"line":11,"column":65}},"line":11}},"branchMap":{"0":{"loc":{"start":{"line":8,"column":31},"end":{"line":8,"column":64}},"type":"default-arg","locations":[{"start":{"line":8,"column":36},"end":{"line":8,"column":64}}],"line":8},"1":{"loc":{"start":{"line":11,"column":4},"end":{"line":11,"column":65}},"type":"cond-expr","locations":[{"start":{"line":11,"column":35},"end":{"line":11,"column":40}},{"start":{"line":11,"column":44},"end":{"line":11,"column":64}}],"line":11}},"s":{"0":11,"1":1,"2":1,"3":7},"f":{"0":1,"1":11,"2":7},"b":{"0":[1],"1":[3,4]},"_coverageSchema":"43e27e138ebf9cfc5966b082cf9a028302ed4184","hash":"64a1d5d00ad076da223cfbfe36ad27a71e2af301"}
,"D:\\Text\\rx-util\\src\\module\\date\\dateBetween.js": {"path":"D:\\Text\\rx-util\\src\\module\\date\\dateBetween.js","statementMap":{"0":{"start":{"line":17,"column":4},"end":{"line":17,"column":22}},"1":{"start":{"line":21,"column":4},"end":{"line":21,"column":18}},"2":{"start":{"line":28,"column":4},"end":{"line":28,"column":52}},"3":{"start":{"line":35,"column":4},"end":{"line":35,"column":48}},"4":{"start":{"line":42,"column":4},"end":{"line":42,"column":41}},"5":{"start":{"line":49,"column":4},"end":{"line":49,"column":41}},"6":{"start":{"line":56,"column":4},"end":{"line":56,"column":39}},"7":{"start":{"line":64,"column":17},"end":{"line":64,"column":28}},"8":{"start":{"line":65,"column":18},"end":{"line":65,"column":61}},"9":{"start":{"line":66,"column":4},"end":{"line":66,"column":28}},"10":{"start":{"line":74,"column":4},"end":{"line":74,"column":60}},"11":{"start":{"line":85,"column":2},"end":{"line":85,"column":36}}},"fnMap":{"0":{"name":"(anonymous_0)","decl":{"start":{"line":13,"column":2},"end":{"line":13,"column":3}},"loc":{"start":{"line":13,"column":27},"end":{"line":22,"column":3}},"line":13},"1":{"name":"(anonymous_1)","decl":{"start":{"line":27,"column":2},"end":{"line":27,"column":3}},"loc":{"start":{"line":27,"column":17},"end":{"line":29,"column":3}},"line":27},"2":{"name":"(anonymous_2)","decl":{"start":{"line":34,"column":2},"end":{"line":34,"column":3}},"loc":{"start":{"line":34,"column":12},"end":{"line":36,"column":3}},"line":34},"3":{"name":"(anonymous_3)","decl":{"start":{"line":41,"column":2},"end":{"line":41,"column":3}},"loc":{"start":{"line":41,"column":12},"end":{"line":43,"column":3}},"line":41},"4":{"name":"(anonymous_4)","decl":{"start":{"line":48,"column":2},"end":{"line":48,"column":3}},"loc":{"start":{"line":48,"column":10},"end":{"line":50,"column":3}},"line":48},"5":{"name":"(anonymous_5)","decl":{"start":{"line":55,"column":2},"end":{"line":55,"column":3}},"loc":{"start":{"line":55,"column":9},"end":{"line":57,"column":3}},"line":55},"6":{"name":"(anonymous_6)","decl":{"start":{"line":63,"column":2},"end":{"line":63,"column":3}},"loc":{"start":{"line":63,"column":11},"end":{"line":67,"column":3}},"line":63},"7":{"name":"(anonymous_7)","decl":{"start":{"line":73,"column":2},"end":{"line":73,"column":3}},"loc":{"start":{"line":73,"column":10},"end":{"line":75,"column":3}},"line":73},"8":{"name":"dateBetween","decl":{"start":{"line":84,"column":16},"end":{"line":84,"column":27}},"loc":{"start":{"line":84,"column":41},"end":{"line":86,"column":1}},"line":84}},"branchMap":{},"s":{"0":3,"1":3,"2":11,"3":9,"4":7,"5":5,"6":3,"7":2,"8":2,"9":2,"10":5,"11":3},"f":{"0":3,"1":11,"2":9,"3":7,"4":5,"5":3,"6":2,"7":5,"8":3},"b":{},"_coverageSchema":"43e27e138ebf9cfc5966b082cf9a028302ed4184","hash":"e5d71a25d5e0ce05b404b3f644f98ae5a612a661"}
,"D:\\Text\\rx-util\\src\\module\\date\\dateConstants.js": {"path":"D:\\Text\\rx-util\\src\\module\\date\\dateConstants.js","statementMap":{"0":{"start":{"line":15,"column":4},"end":{"line":15,"column":69}},"1":{"start":{"line":23,"column":4},"end":{"line":23,"column":69}},"2":{"start":{"line":31,"column":4},"end":{"line":31,"column":63}},"3":{"start":{"line":39,"column":4},"end":{"line":39,"column":63}},"4":{"start":{"line":47,"column":29},"end":{"line":47,"column":48}}},"fnMap":{"0":{"name":"(anonymous_0)","decl":{"start":{"line":14,"column":2},"end":{"line":14,"column":3}},"loc":{"start":{"line":14,"column":31},"end":{"line":16,"column":3}},"line":14},"1":{"name":"(anonymous_1)","decl":{"start":{"line":22,"column":2},"end":{"line":22,"column":3}},"loc":{"start":{"line":22,"column":29},"end":{"line":24,"column":3}},"line":22},"2":{"name":"(anonymous_2)","decl":{"start":{"line":30,"column":2},"end":{"line":30,"column":3}},"loc":{"start":{"line":30,"column":32},"end":{"line":32,"column":3}},"line":30},"3":{"name":"(anonymous_3)","decl":{"start":{"line":38,"column":2},"end":{"line":38,"column":3}},"loc":{"start":{"line":38,"column":30},"end":{"line":40,"column":3}},"line":38}},"branchMap":{"0":{"loc":{"start":{"line":14,"column":12},"end":{"line":14,"column":29}},"type":"default-arg","locations":[{"start":{"line":14,"column":19},"end":{"line":14,"column":29}}],"line":14},"1":{"loc":{"start":{"line":22,"column":10},"end":{"line":22,"column":27}},"type":"default-arg","locations":[{"start":{"line":22,"column":17},"end":{"line":22,"column":27}}],"line":22},"2":{"loc":{"start":{"line":30,"column":13},"end":{"line":30,"column":30}},"type":"default-arg","locations":[{"start":{"line":30,"column":20},"end":{"line":30,"column":30}}],"line":30},"3":{"loc":{"start":{"line":38,"column":11},"end":{"line":38,"column":28}},"type":"default-arg","locations":[{"start":{"line":38,"column":18},"end":{"line":38,"column":28}}],"line":38}},"s":{"0":1,"1":1,"2":3,"3":1,"4":4},"f":{"0":1,"1":1,"2":3,"3":1},"b":{"0":[1],"1":[1],"2":[3],"3":[1]},"_coverageSchema":"43e27e138ebf9cfc5966b082cf9a028302ed4184","hash":"eb7db72b739e13fd6faab39afdb066144c59f359"}
,"D:\\Text\\rx-util\\src\\module\\date\\dateEnhance.js": {"path":"D:\\Text\\rx-util\\src\\module\\date\\dateEnhance.js","statementMap":{"0":{"start":{"line":8,"column":22},"end":{"line":8,"column":41}},"1":{"start":{"line":22,"column":4},"end":{"line":22,"column":20}},"2":{"start":{"line":29,"column":4},"end":{"line":29,"column":34}},"3":{"start":{"line":36,"column":4},"end":{"line":36,"column":31}},"4":{"start":{"line":43,"column":4},"end":{"line":46,"column":5}},"5":{"start":{"line":53,"column":4},"end":{"line":53,"column":30}},"6":{"start":{"line":60,"column":4},"end":{"line":60,"column":29}},"7":{"start":{"line":67,"column":16},"end":{"line":67,"column":32}},"8":{"start":{"line":68,"column":4},"end":{"line":68,"column":56}},"9":{"start":{"line":75,"column":16},"end":{"line":75,"column":33}},"10":{"start":{"line":76,"column":4},"end":{"line":76,"column":56}},"11":{"start":{"line":83,"column":18},"end":{"line":83,"column":30}},"12":{"start":{"line":84,"column":4},"end":{"line":92,"column":5}},"13":{"start":{"line":85,"column":6},"end":{"line":85,"column":14}},"14":{"start":{"line":86,"column":11},"end":{"line":92,"column":5}},"15":{"start":{"line":87,"column":6},"end":{"line":87,"column":14}},"16":{"start":{"line":88,"column":11},"end":{"line":92,"column":5}},"17":{"start":{"line":89,"column":6},"end":{"line":89,"column":14}},"18":{"start":{"line":91,"column":6},"end":{"line":91,"column":14}},"19":{"start":{"line":99,"column":4},"end":{"line":99,"column":31}},"20":{"start":{"line":106,"column":4},"end":{"line":106,"column":33}},"21":{"start":{"line":113,"column":4},"end":{"line":113,"column":33}},"22":{"start":{"line":120,"column":4},"end":{"line":120,"column":38}},"23":{"start":{"line":130,"column":2},"end":{"line":130,"column":30}}},"fnMap":{"0":{"name":"(anonymous_0)","decl":{"start":{"line":18,"column":2},"end":{"line":18,"column":3}},"loc":{"start":{"line":18,"column":21},"end":{"line":23,"column":3}},"line":18},"1":{"name":"(anonymous_1)","decl":{"start":{"line":28,"column":2},"end":{"line":28,"column":3}},"loc":{"start":{"line":28,"column":10},"end":{"line":30,"column":3}},"line":28},"2":{"name":"(anonymous_2)","decl":{"start":{"line":35,"column":2},"end":{"line":35,"column":3}},"loc":{"start":{"line":35,"column":11},"end":{"line":37,"column":3}},"line":35},"3":{"name":"(anonymous_3)","decl":{"start":{"line":42,"column":2},"end":{"line":42,"column":3}},"loc":{"start":{"line":42,"column":15},"end":{"line":47,"column":3}},"line":42},"4":{"name":"(anonymous_4)","decl":{"start":{"line":52,"column":2},"end":{"line":52,"column":3}},"loc":{"start":{"line":52,"column":16},"end":{"line":54,"column":3}},"line":52},"5":{"name":"(anonymous_5)","decl":{"start":{"line":59,"column":2},"end":{"line":59,"column":3}},"loc":{"start":{"line":59,"column":15},"end":{"line":61,"column":3}},"line":59},"6":{"name":"(anonymous_6)","decl":{"start":{"line":66,"column":2},"end":{"line":66,"column":3}},"loc":{"start":{"line":66,"column":16},"end":{"line":69,"column":3}},"line":66},"7":{"name":"(anonymous_7)","decl":{"start":{"line":74,"column":2},"end":{"line":74,"column":3}},"loc":{"start":{"line":74,"column":17},"end":{"line":77,"column":3}},"line":74},"8":{"name":"(anonymous_8)","decl":{"start":{"line":82,"column":2},"end":{"line":82,"column":3}},"loc":{"start":{"line":82,"column":13},"end":{"line":93,"column":3}},"line":82},"9":{"name":"(anonymous_9)","decl":{"start":{"line":98,"column":2},"end":{"line":98,"column":3}},"loc":{"start":{"line":98,"column":10},"end":{"line":100,"column":3}},"line":98},"10":{"name":"(anonymous_10)","decl":{"start":{"line":105,"column":2},"end":{"line":105,"column":3}},"loc":{"start":{"line":105,"column":12},"end":{"line":107,"column":3}},"line":105},"11":{"name":"(anonymous_11)","decl":{"start":{"line":112,"column":2},"end":{"line":112,"column":3}},"loc":{"start":{"line":112,"column":12},"end":{"line":114,"column":3}},"line":112},"12":{"name":"(anonymous_12)","decl":{"start":{"line":119,"column":2},"end":{"line":119,"column":3}},"loc":{"start":{"line":119,"column":17},"end":{"line":121,"column":3}},"line":119},"13":{"name":"dateEnhance","decl":{"start":{"line":129,"column":16},"end":{"line":129,"column":27}},"loc":{"start":{"line":129,"column":35},"end":{"line":131,"column":1}},"line":129}},"branchMap":{"0":{"loc":{"start":{"line":68,"column":33},"end":{"line":68,"column":54}},"type":"cond-expr","locations":[{"start":{"line":68,"column":49},"end":{"line":68,"column":50}},{"start":{"line":68,"column":53},"end":{"line":68,"column":54}}],"line":68},"1":{"loc":{"start":{"line":76,"column":33},"end":{"line":76,"column":54}},"type":"cond-expr","locations":[{"start":{"line":76,"column":49},"end":{"line":76,"column":50}},{"start":{"line":76,"column":53},"end":{"line":76,"column":54}}],"line":76},"2":{"loc":{"start":{"line":84,"column":4},"end":{"line":92,"column":5}},"type":"if","locations":[{"start":{"line":84,"column":4},"end":{"line":92,"column":5}},{"start":{"line":84,"column":4},"end":{"line":92,"column":5}}],"line":84},"3":{"loc":{"start":{"line":86,"column":11},"end":{"line":92,"column":5}},"type":"if","locations":[{"start":{"line":86,"column":11},"end":{"line":92,"column":5}},{"start":{"line":86,"column":11},"end":{"line":92,"column":5}}],"line":86},"4":{"loc":{"start":{"line":88,"column":11},"end":{"line":92,"column":5}},"type":"if","locations":[{"start":{"line":88,"column":11},"end":{"line":92,"column":5}},{"start":{"line":88,"column":11},"end":{"line":92,"column":5}}],"line":88}},"s":{"0":2,"1":5,"2":1,"3":6,"4":2,"5":2,"6":1,"7":1,"8":1,"9":1,"10":1,"11":5,"12":5,"13":2,"14":3,"15":1,"16":2,"17":1,"18":1,"19":1,"20":1,"21":1,"22":1,"23":5},"f":{"0":5,"1":1,"2":6,"3":2,"4":2,"5":1,"6":1,"7":1,"8":5,"9":1,"10":1,"11":1,"12":1,"13":5},"b":{"0":[0,1],"1":[0,1],"2":[2,3],"3":[1,2],"4":[1,1]},"_coverageSchema":"43e27e138ebf9cfc5966b082cf9a028302ed4184","hash":"8e765d7e93679fe7084bd32ab0afc02d658db5bd"}
,"D:\\Text\\rx-util\\src\\module\\date\\dateFormat.js": {"path":"D:\\Text\\rx-util\\src\\module\\date\\dateFormat.js","statementMap":{"0":{"start":{"line":10,"column":10},"end":{"line":19,"column":3}},"1":{"start":{"line":20,"column":2},"end":{"line":39,"column":3}},"2":{"start":{"line":21,"column":4},"end":{"line":23,"column":5}},"3":{"start":{"line":22,"column":6},"end":{"line":22,"column":14}},"4":{"start":{"line":24,"column":4},"end":{"line":38,"column":5}},"5":{"start":{"line":25,"column":6},"end":{"line":25,"column":76}},"6":{"start":{"line":26,"column":11},"end":{"line":38,"column":5}},"7":{"start":{"line":27,"column":17},"end":{"line":27,"column":33}},"8":{"start":{"line":28,"column":6},"end":{"line":28,"column":34}},"9":{"start":{"line":29,"column":6},"end":{"line":32,"column":7}},"10":{"start":{"line":34,"column":6},"end":{"line":37,"column":7}},"11":{"start":{"line":40,"column":2},"end":{"line":40,"column":12}}},"fnMap":{"0":{"name":"dateFormat","decl":{"start":{"line":9,"column":16},"end":{"line":9,"column":26}},"loc":{"start":{"line":9,"column":39},"end":{"line":41,"column":1}},"line":9}},"branchMap":{"0":{"loc":{"start":{"line":21,"column":4},"end":{"line":23,"column":5}},"type":"if","locations":[{"start":{"line":21,"column":4},"end":{"line":23,"column":5}},{"start":{"line":21,"column":4},"end":{"line":23,"column":5}}],"line":21},"1":{"loc":{"start":{"line":24,"column":4},"end":{"line":38,"column":5}},"type":"if","locations":[{"start":{"line":24,"column":4},"end":{"line":38,"column":5}},{"start":{"line":24,"column":4},"end":{"line":38,"column":5}}],"line":24},"2":{"loc":{"start":{"line":26,"column":11},"end":{"line":38,"column":5}},"type":"if","locations":[{"start":{"line":26,"column":11},"end":{"line":38,"column":5}},{"start":{"line":26,"column":11},"end":{"line":38,"column":5}}],"line":26},"3":{"loc":{"start":{"line":28,"column":13},"end":{"line":28,"column":34}},"type":"cond-expr","locations":[{"start":{"line":28,"column":26},"end":{"line":28,"column":27}},{"start":{"line":28,"column":30},"end":{"line":28,"column":34}}],"line":28},"4":{"loc":{"start":{"line":36,"column":8},"end":{"line":36,"column":80}},"type":"cond-expr","locations":[{"start":{"line":36,"column":33},"end":{"line":36,"column":37}},{"start":{"line":36,"column":40},"end":{"line":36,"column":80}}],"line":36}},"s":{"0":18,"1":18,"2":144,"3":56,"4":88,"5":15,"6":73,"7":7,"8":7,"9":7,"10":66,"11":18},"f":{"0":18},"b":{"0":[56,88],"1":[15,73],"2":[7,66],"3":[0,7],"4":[0,66]},"_coverageSchema":"43e27e138ebf9cfc5966b082cf9a028302ed4184","hash":"d555d8672f359f9b968ee2252c4379ba3f509466"}
,"D:\\Text\\rx-util\\src\\module\\date\\dateParse.js": {"path":"D:\\Text\\rx-util\\src\\module\\date\\dateParse.js","statementMap":{"0":{"start":{"line":22,"column":4},"end":{"line":22,"column":20}},"1":{"start":{"line":26,"column":4},"end":{"line":26,"column":24}},"2":{"start":{"line":30,"column":4},"end":{"line":30,"column":22}},"3":{"start":{"line":34,"column":4},"end":{"line":34,"column":22}},"4":{"start":{"line":41,"column":20},"end":{"line":49,"column":1}},"5":{"start":{"line":58,"column":14},"end":{"line":58,"column":24}},"6":{"start":{"line":60,"column":28},"end":{"line":68,"column":3}},"7":{"start":{"line":70,"column":20},"end":{"line":70,"column":22}},"8":{"start":{"line":71,"column":2},"end":{"line":86,"column":3}},"9":{"start":{"line":72,"column":19},"end":{"line":72,"column":51}},"10":{"start":{"line":73,"column":4},"end":{"line":85,"column":5}},"11":{"start":{"line":74,"column":23},"end":{"line":74,"column":42}},"12":{"start":{"line":75,"column":23},"end":{"line":75,"column":49}},"13":{"start":{"line":76,"column":20},"end":{"line":76,"column":41}},"14":{"start":{"line":77,"column":6},"end":{"line":77,"column":43}},"15":{"start":{"line":78,"column":6},"end":{"line":80,"column":7}},"16":{"start":{"line":82,"column":6},"end":{"line":84,"column":7}},"17":{"start":{"line":88,"column":2},"end":{"line":88,"column":48}},"18":{"start":{"line":89,"column":2},"end":{"line":91,"column":3}},"19":{"start":{"line":90,"column":4},"end":{"line":90,"column":15}},"20":{"start":{"line":93,"column":2},"end":{"line":116,"column":6}},"21":{"start":{"line":95,"column":28},"end":{"line":95,"column":34}},"22":{"start":{"line":98,"column":6},"end":{"line":98,"column":30}},"23":{"start":{"line":102,"column":28},"end":{"line":102,"column":67}},"24":{"start":{"line":103,"column":6},"end":{"line":106,"column":7}},"25":{"start":{"line":104,"column":8},"end":{"line":104,"column":55}},"26":{"start":{"line":105,"column":8},"end":{"line":105,"column":39}},"27":{"start":{"line":107,"column":6},"end":{"line":107,"column":19}},"28":{"start":{"line":111,"column":28},"end":{"line":111,"column":60}},"29":{"start":{"line":112,"column":6},"end":{"line":115,"column":7}},"30":{"start":{"line":113,"column":8},"end":{"line":113,"column":55}},"31":{"start":{"line":114,"column":8},"end":{"line":114,"column":45}},"32":{"start":{"line":118,"column":14},"end":{"line":118,"column":74}},"33":{"start":{"line":118,"column":44},"end":{"line":118,"column":53}},"34":{"start":{"line":118,"column":63},"end":{"line":118,"column":73}},"35":{"start":{"line":119,"column":2},"end":{"line":124,"column":3}},"36":{"start":{"line":120,"column":4},"end":{"line":123,"column":5}},"37":{"start":{"line":126,"column":15},"end":{"line":130,"column":5}},"38":{"start":{"line":131,"column":2},"end":{"line":131,"column":23}}},"fnMap":{"0":{"name":"(anonymous_0)","decl":{"start":{"line":18,"column":2},"end":{"line":18,"column":3}},"loc":{"start":{"line":18,"column":43},"end":{"line":35,"column":3}},"line":18},"1":{"name":"dateParse","decl":{"start":{"line":57,"column":16},"end":{"line":57,"column":25}},"loc":{"start":{"line":57,"column":41},"end":{"line":132,"column":1}},"line":57},"2":{"name":"(anonymous_2)","decl":{"start":{"line":95,"column":12},"end":{"line":95,"column":13}},"loc":{"start":{"line":95,"column":28},"end":{"line":95,"column":34}},"line":95},"3":{"name":"(anonymous_3)","decl":{"start":{"line":97,"column":10},"end":{"line":97,"column":11}},"loc":{"start":{"line":97,"column":26},"end":{"line":99,"column":5}},"line":97},"4":{"name":"(anonymous_4)","decl":{"start":{"line":101,"column":9},"end":{"line":101,"column":10}},"loc":{"start":{"line":101,"column":19},"end":{"line":108,"column":5}},"line":101},"5":{"name":"(anonymous_5)","decl":{"start":{"line":110,"column":13},"end":{"line":110,"column":14}},"loc":{"start":{"line":110,"column":32},"end":{"line":116,"column":5}},"line":110},"6":{"name":"(anonymous_6)","decl":{"start":{"line":118,"column":36},"end":{"line":118,"column":37}},"loc":{"start":{"line":118,"column":44},"end":{"line":118,"column":53}},"line":118},"7":{"name":"(anonymous_7)","decl":{"start":{"line":118,"column":55},"end":{"line":118,"column":56}},"loc":{"start":{"line":118,"column":63},"end":{"line":118,"column":73}},"line":118}},"branchMap":{"0":{"loc":{"start":{"line":73,"column":4},"end":{"line":85,"column":5}},"type":"if","locations":[{"start":{"line":73,"column":4},"end":{"line":85,"column":5}},{"start":{"line":73,"column":4},"end":{"line":85,"column":5}}],"line":73},"1":{"loc":{"start":{"line":89,"column":2},"end":{"line":91,"column":3}},"type":"if","locations":[{"start":{"line":89,"column":2},"end":{"line":91,"column":3}},{"start":{"line":89,"column":2},"end":{"line":91,"column":3}}],"line":89},"2":{"loc":{"start":{"line":103,"column":6},"end":{"line":106,"column":7}},"type":"if","locations":[{"start":{"line":103,"column":6},"end":{"line":106,"column":7}},{"start":{"line":103,"column":6},"end":{"line":106,"column":7}}],"line":103},"3":{"loc":{"start":{"line":103,"column":10},"end":{"line":103,"column":60}},"type":"binary-expr","locations":[{"start":{"line":103,"column":10},"end":{"line":103,"column":32}},{"start":{"line":103,"column":36},"end":{"line":103,"column":60}}],"line":103},"4":{"loc":{"start":{"line":112,"column":6},"end":{"line":115,"column":7}},"type":"if","locations":[{"start":{"line":112,"column":6},"end":{"line":115,"column":7}},{"start":{"line":112,"column":6},"end":{"line":115,"column":7}}],"line":112},"5":{"loc":{"start":{"line":112,"column":10},"end":{"line":112,"column":60}},"type":"binary-expr","locations":[{"start":{"line":112,"column":10},"end":{"line":112,"column":32}},{"start":{"line":112,"column":36},"end":{"line":112,"column":60}}],"line":112},"6":{"loc":{"start":{"line":119,"column":2},"end":{"line":124,"column":3}},"type":"if","locations":[{"start":{"line":119,"column":2},"end":{"line":124,"column":3}},{"start":{"line":119,"column":2},"end":{"line":124,"column":3}}],"line":119}},"s":{"0":70,"1":70,"2":70,"3":70,"4":3,"5":10,"6":10,"7":10,"8":10,"9":70,"10":70,"11":34,"12":34,"13":34,"14":34,"15":34,"16":36,"17":10,"18":10,"19":2,"20":8,"21":56,"22":22,"23":30,"24":30,"25":30,"26":30,"27":30,"28":30,"29":30,"30":0,"31":0,"32":8,"33":56,"34":56,"35":8,"36":2,"37":8,"38":8},"f":{"0":70,"1":10,"2":56,"3":22,"4":30,"5":30,"6":56,"7":56},"b":{"0":[34,36],"1":[2,8],"2":[30,0],"3":[30,30],"4":[0,30],"5":[30,0],"6":[2,6]},"_coverageSchema":"43e27e138ebf9cfc5966b082cf9a028302ed4184","hash":"e983f66180b8aaf8532b8c7bb614aa3d3fb17f16"}
,"D:\\Text\\rx-util\\src\\module\\date\\getYearWeek.js": {"path":"D:\\Text\\rx-util\\src\\module\\date\\getYearWeek.js","statementMap":{"0":{"start":{"line":15,"column":18},"end":{"line":15,"column":32}},"1":{"start":{"line":16,"column":20},"end":{"line":16,"column":64}},"2":{"start":{"line":17,"column":16},"end":{"line":17,"column":35}},"3":{"start":{"line":18,"column":2},"end":{"line":18,"column":53}}},"fnMap":{"0":{"name":"getYearWeek","decl":{"start":{"line":8,"column":16},"end":{"line":8,"column":27}},"loc":{"start":{"line":8,"column":35},"end":{"line":19,"column":1}},"line":8}},"branchMap":{},"s":{"0":1,"1":1,"2":1,"3":1},"f":{"0":1},"b":{},"_coverageSchema":"43e27e138ebf9cfc5966b082cf9a028302ed4184","hash":"b21ce0503b7fcfe4b32cea71b218036e354ce951"}
,"D:\\Text\\rx-util\\src\\module\\date\\strToDate.js": {"path":"D:\\Text\\rx-util\\src\\module\\date\\strToDate.js","statementMap":{"0":{"start":{"line":14,"column":2},"end":{"line":14,"column":32}}},"fnMap":{"0":{"name":"strToDate","decl":{"start":{"line":13,"column":16},"end":{"line":13,"column":25}},"loc":{"start":{"line":13,"column":41},"end":{"line":15,"column":1}},"line":13}},"branchMap":{},"s":{"0":5},"f":{"0":5},"b":{},"_coverageSchema":"43e27e138ebf9cfc5966b082cf9a028302ed4184","hash":"37df47fc8c3a7a22c97901b3cd5055bca13fd65b"}
,"D:\\Text\\rx-util\\src\\module\\dom\\copyText.js": {"path":"D:\\Text\\rx-util\\src\\module\\dom\\copyText.js","statementMap":{"0":{"start":{"line":8,"column":16},"end":{"line":8,"column":47}},"1":{"start":{"line":9,"column":2},"end":{"line":9,"column":34}},"2":{"start":{"line":10,"column":2},"end":{"line":10,"column":35}},"3":{"start":{"line":11,"column":2},"end":{"line":11,"column":16}},"4":{"start":{"line":12,"column":14},"end":{"line":12,"column":42}},"5":{"start":{"line":13,"column":2},"end":{"line":13,"column":34}},"6":{"start":{"line":14,"column":2},"end":{"line":14,"column":12}}},"fnMap":{"0":{"name":"copyText","decl":{"start":{"line":7,"column":16},"end":{"line":7,"column":24}},"loc":{"start":{"line":7,"column":32},"end":{"line":15,"column":1}},"line":7}},"branchMap":{},"s":{"0":0,"1":0,"2":0,"3":0,"4":0,"5":0,"6":0},"f":{"0":0},"b":{},"_coverageSchema":"43e27e138ebf9cfc5966b082cf9a028302ed4184","hash":"3eba890a14a33a1b2428f6dfd0eb2f5091485656"}
,"D:\\Text\\rx-util\\src\\module\\dom\\createElByString.js": {"path":"D:\\Text\\rx-util\\src\\module\\dom\\createElByString.js","statementMap":{"0":{"start":{"line":8,"column":13},"end":{"line":8,"column":42}},"1":{"start":{"line":9,"column":2},"end":{"line":9,"column":22}},"2":{"start":{"line":10,"column":2},"end":{"line":10,"column":32}}},"fnMap":{"0":{"name":"createElByString","decl":{"start":{"line":7,"column":16},"end":{"line":7,"column":32}},"loc":{"start":{"line":7,"column":39},"end":{"line":11,"column":1}},"line":7}},"branchMap":{},"s":{"0":1,"1":1,"2":1},"f":{"0":1},"b":{},"_coverageSchema":"43e27e138ebf9cfc5966b082cf9a028302ed4184","hash":"3122d7d88a31fd4aa795d28735a20949425993b4"}
,"D:\\Text\\rx-util\\src\\module\\dom\\getCusorPostion.js": {"path":"D:\\Text\\rx-util\\src\\module\\dom\\getCusorPostion.js","statementMap":{"0":{"start":{"line":8,"column":2},"end":{"line":8,"column":26}}},"fnMap":{"0":{"name":"getCusorPostion","decl":{"start":{"line":7,"column":16},"end":{"line":7,"column":31}},"loc":{"start":{"line":7,"column":37},"end":{"line":9,"column":1}},"line":7}},"branchMap":{},"s":{"0":5},"f":{"0":5},"b":{},"_coverageSchema":"43e27e138ebf9cfc5966b082cf9a028302ed4184","hash":"a4435deafc2d608da6edcdbe4ddec87eadf5d66b"}
,"D:\\Text\\rx-util\\src\\module\\dom\\getSelectText.js": {"path":"D:\\Text\\rx-util\\src\\module\\dom\\getSelectText.js","statementMap":{"0":{"start":{"line":7,"column":2},"end":{"line":7,"column":34}}},"fnMap":{"0":{"name":"getSelectText","decl":{"start":{"line":6,"column":16},"end":{"line":6,"column":29}},"loc":{"start":{"line":6,"column":33},"end":{"line":8,"column":1}},"line":6}},"branchMap":{},"s":{"0":0},"f":{"0":0},"b":{},"_coverageSchema":"43e27e138ebf9cfc5966b082cf9a028302ed4184","hash":"04e2b44eb11fa83084426b42b337609cfef06e88"}
,"D:\\Text\\rx-util\\src\\module\\dom\\insertText.js": {"path":"D:\\Text\\rx-util\\src\\module\\dom\\insertText.js","statementMap":{"0":{"start":{"line":12,"column":14},"end":{"line":12,"column":22}},"1":{"start":{"line":13,"column":2},"end":{"line":13,"column":64}},"2":{"start":{"line":14,"column":2},"end":{"line":14,"column":42}}},"fnMap":{"0":{"name":"insertText","decl":{"start":{"line":11,"column":16},"end":{"line":11,"column":26}},"loc":{"start":{"line":11,"column":67},"end":{"line":15,"column":1}},"line":11}},"branchMap":{"0":{"loc":{"start":{"line":11,"column":38},"end":{"line":11,"column":65}},"type":"default-arg","locations":[{"start":{"line":11,"column":46},"end":{"line":11,"column":65}}],"line":11}},"s":{"0":2,"1":2,"2":2},"f":{"0":2},"b":{"0":[1]},"_coverageSchema":"43e27e138ebf9cfc5966b082cf9a028302ed4184","hash":"d94c01b564164056b62167a8b3e71b27592f5ea7"}
,"D:\\Text\\rx-util\\src\\module\\dom\\isEditable.js": {"path":"D:\\Text\\rx-util\\src\\module\\dom\\isEditable.js","statementMap":{"0":{"start":{"line":10,"column":17},"end":{"line":10,"column":68}},"1":{"start":{"line":11,"column":2},"end":{"line":15,"column":3}}},"fnMap":{"0":{"name":"isEditable","decl":{"start":{"line":9,"column":16},"end":{"line":9,"column":26}},"loc":{"start":{"line":9,"column":32},"end":{"line":16,"column":1}},"line":9}},"branchMap":{"0":{"loc":{"start":{"line":14,"column":4},"end":{"line":14,"column":78}},"type":"binary-expr","locations":[{"start":{"line":14,"column":4},"end":{"line":14,"column":6}},{"start":{"line":14,"column":11},"end":{"line":14,"column":31}},{"start":{"line":14,"column":35},"end":{"line":14,"column":77}}],"line":14}},"s":{"0":2,"1":2},"f":{"0":2},"b":{"0":[2,2,2]},"_coverageSchema":"43e27e138ebf9cfc5966b082cf9a028302ed4184","hash":"d986e7709d0f7be4f2ef8bb2e0cf2cf273b616c5"}
,"D:\\Text\\rx-util\\src\\module\\dom\\lastFocus.js": {"path":"D:\\Text\\rx-util\\src\\module\\dom\\lastFocus.js","statementMap":{"0":{"start":{"line":5,"column":0},"end":{"line":11,"column":1}},"1":{"start":{"line":8,"column":4},"end":{"line":8,"column":30}},"2":{"start":{"line":12,"column":0},"end":{"line":18,"column":1}},"3":{"start":{"line":15,"column":4},"end":{"line":15,"column":22}},"4":{"start":{"line":24,"column":2},"end":{"line":24,"column":20}}},"fnMap":{"0":{"name":"(anonymous_0)","decl":{"start":{"line":7,"column":2},"end":{"line":7,"column":3}},"loc":{"start":{"line":7,"column":11},"end":{"line":9,"column":3}},"line":7},"1":{"name":"(anonymous_1)","decl":{"start":{"line":14,"column":2},"end":{"line":14,"column":3}},"loc":{"start":{"line":14,"column":8},"end":{"line":16,"column":3}},"line":14},"2":{"name":"lastFocus","decl":{"start":{"line":23,"column":16},"end":{"line":23,"column":25}},"loc":{"start":{"line":23,"column":29},"end":{"line":25,"column":1}},"line":23}},"branchMap":{},"s":{"0":2,"1":3,"2":2,"3":3,"4":5},"f":{"0":3,"1":3,"2":5},"b":{},"_coverageSchema":"43e27e138ebf9cfc5966b082cf9a028302ed4184","hash":"cbbc8acfee51f7802616842819525d5ad95be0fd"}
,"D:\\Text\\rx-util\\src\\module\\dom\\removeEl.js": {"path":"D:\\Text\\rx-util\\src\\module\\dom\\removeEl.js","statementMap":{"0":{"start":{"line":8,"column":17},"end":{"line":8,"column":33}},"1":{"start":{"line":9,"column":2},"end":{"line":9,"column":31}}},"fnMap":{"0":{"name":"removeEl","decl":{"start":{"line":7,"column":16},"end":{"line":7,"column":24}},"loc":{"start":{"line":7,"column":30},"end":{"line":10,"column":1}},"line":7}},"branchMap":{},"s":{"0":2,"1":1},"f":{"0":2},"b":{},"_coverageSchema":"43e27e138ebf9cfc5966b082cf9a028302ed4184","hash":"a93eac53fefde37317d1d7521618c31c6b1a67f0"}
,"D:\\Text\\rx-util\\src\\module\\dom\\removeText.js": {"path":"D:\\Text\\rx-util\\src\\module\\dom\\removeText.js","statementMap":{"0":{"start":{"line":17,"column":16},"end":{"line":17,"column":35}},"1":{"start":{"line":18,"column":16},"end":{"line":18,"column":24}},"2":{"start":{"line":19,"column":2},"end":{"line":19,"column":69}},"3":{"start":{"line":20,"column":2},"end":{"line":20,"column":28}}},"fnMap":{"0":{"name":"removeText","decl":{"start":{"line":11,"column":16},"end":{"line":11,"column":26}},"loc":{"start":{"line":15,"column":2},"end":{"line":21,"column":1}},"line":15}},"branchMap":{"0":{"loc":{"start":{"line":13,"column":2},"end":{"line":13,"column":27}},"type":"default-arg","locations":[{"start":{"line":13,"column":10},"end":{"line":13,"column":27}}],"line":13},"1":{"loc":{"start":{"line":14,"column":2},"end":{"line":14,"column":23}},"type":"default-arg","locations":[{"start":{"line":14,"column":8},"end":{"line":14,"column":23}}],"line":14}},"s":{"0":2,"1":2,"2":2,"3":2},"f":{"0":2},"b":{"0":[1],"1":[1]},"_coverageSchema":"43e27e138ebf9cfc5966b082cf9a028302ed4184","hash":"91d0d0f7b9d0e799737dd3e843e970100bb9d44b"}
,"D:\\Text\\rx-util\\src\\module\\dom\\setCusorPostion.js": {"path":"D:\\Text\\rx-util\\src\\module\\dom\\setCusorPostion.js","statementMap":{"0":{"start":{"line":9,"column":2},"end":{"line":9,"column":12}},"1":{"start":{"line":10,"column":2},"end":{"line":10,"column":34}}},"fnMap":{"0":{"name":"setCusorPostion","decl":{"start":{"line":8,"column":16},"end":{"line":8,"column":31}},"loc":{"start":{"line":8,"column":57},"end":{"line":11,"column":1}},"line":8}},"branchMap":{"0":{"loc":{"start":{"line":8,"column":44},"end":{"line":8,"column":55}},"type":"default-arg","locations":[{"start":{"line":8,"column":50},"end":{"line":8,"column":55}}],"line":8}},"s":{"0":6,"1":6},"f":{"0":6},"b":{"0":[5]},"_coverageSchema":"43e27e138ebf9cfc5966b082cf9a028302ed4184","hash":"59c399b6280d6372d87df17c7d8aa866cad548ad"}
,"D:\\Text\\rx-util\\src\\module\\event\\watchEventListener.js": {"path":"D:\\Text\\rx-util\\src\\module\\event\\watchEventListener.js","statementMap":{"0":{"start":{"line":10,"column":35},"end":{"line":10,"column":60}},"1":{"start":{"line":11,"column":38},"end":{"line":11,"column":76}},"2":{"start":{"line":12,"column":38},"end":{"line":12,"column":66}},"3":{"start":{"line":14,"column":4},"end":{"line":14,"column":45}},"4":{"start":{"line":15,"column":17},"end":{"line":15,"column":19}},"5":{"start":{"line":22,"column":6},"end":{"line":22,"column":18}},"6":{"start":{"line":23,"column":6},"end":{"line":23,"column":22}},"7":{"start":{"line":24,"column":6},"end":{"line":24,"column":30}},"8":{"start":{"line":25,"column":6},"end":{"line":25,"column":34}},"9":{"start":{"line":36,"column":18},"end":{"line":36,"column":22}},"10":{"start":{"line":38,"column":6},"end":{"line":40,"column":37}},"11":{"start":{"line":41,"column":4},"end":{"line":41,"column":61}},"12":{"start":{"line":42,"column":4},"end":{"line":42,"column":44}},"13":{"start":{"line":52,"column":18},"end":{"line":52,"column":22}},"14":{"start":{"line":54,"column":6},"end":{"line":56,"column":40}},"15":{"start":{"line":57,"column":27},"end":{"line":59,"column":28}},"16":{"start":{"line":58,"column":22},"end":{"line":58,"column":72}},"17":{"start":{"line":59,"column":19},"end":{"line":59,"column":27}},"18":{"start":{"line":60,"column":4},"end":{"line":63,"column":6}},"19":{"start":{"line":61,"column":16},"end":{"line":61,"column":25}},"20":{"start":{"line":62,"column":6},"end":{"line":62,"column":74}},"21":{"start":{"line":64,"column":4},"end":{"line":64,"column":74}},"22":{"start":{"line":64,"column":34},"end":{"line":64,"column":39}},"23":{"start":{"line":64,"column":54},"end":{"line":64,"column":73}},"24":{"start":{"line":67,"column":3},"end":{"line":72,"column":6}},"25":{"start":{"line":68,"column":4},"end":{"line":68,"column":89}},"26":{"start":{"line":71,"column":4},"end":{"line":71,"column":116}}},"fnMap":{"0":{"name":"watchEventListener","decl":{"start":{"line":6,"column":16},"end":{"line":6,"column":34}},"loc":{"start":{"line":6,"column":38},"end":{"line":73,"column":1}},"line":6},"1":{"name":"(anonymous_1)","decl":{"start":{"line":21,"column":4},"end":{"line":21,"column":5}},"loc":{"start":{"line":21,"column":49},"end":{"line":26,"column":5}},"line":21},"2":{"name":"addEventListener","decl":{"start":{"line":35,"column":11},"end":{"line":35,"column":27}},"loc":{"start":{"line":35,"column":65},"end":{"line":43,"column":3}},"line":35},"3":{"name":"removeEventListenerByType","decl":{"start":{"line":51,"column":11},"end":{"line":51,"column":36}},"loc":{"start":{"line":51,"column":44},"end":{"line":65,"column":3}},"line":51},"4":{"name":"(anonymous_4)","decl":{"start":{"line":58,"column":11},"end":{"line":58,"column":12}},"loc":{"start":{"line":58,"column":22},"end":{"line":58,"column":72}},"line":58},"5":{"name":"(anonymous_5)","decl":{"start":{"line":59,"column":14},"end":{"line":59,"column":15}},"loc":{"start":{"line":59,"column":19},"end":{"line":59,"column":27}},"line":59},"6":{"name":"(anonymous_6)","decl":{"start":{"line":60,"column":27},"end":{"line":60,"column":28}},"loc":{"start":{"line":60,"column":32},"end":{"line":63,"column":5}},"line":60},"7":{"name":"(anonymous_7)","decl":{"start":{"line":64,"column":24},"end":{"line":64,"column":25}},"loc":{"start":{"line":64,"column":34},"end":{"line":64,"column":39}},"line":64},"8":{"name":"(anonymous_8)","decl":{"start":{"line":64,"column":49},"end":{"line":64,"column":50}},"loc":{"start":{"line":64,"column":54},"end":{"line":64,"column":73}},"line":64},"9":{"name":"initWatchDOM","decl":{"start":{"line":67,"column":13},"end":{"line":67,"column":25}},"loc":{"start":{"line":67,"column":29},"end":{"line":72,"column":3}},"line":67}},"branchMap":{"0":{"loc":{"start":{"line":35,"column":45},"end":{"line":35,"column":63}},"type":"default-arg","locations":[{"start":{"line":35,"column":58},"end":{"line":35,"column":63}}],"line":35},"1":{"loc":{"start":{"line":38,"column":6},"end":{"line":40,"column":37}},"type":"cond-expr","locations":[{"start":{"line":39,"column":10},"end":{"line":39,"column":34}},{"start":{"line":40,"column":10},"end":{"line":40,"column":37}}],"line":38},"2":{"loc":{"start":{"line":54,"column":6},"end":{"line":56,"column":40}},"type":"cond-expr","locations":[{"start":{"line":55,"column":10},"end":{"line":55,"column":37}},{"start":{"line":56,"column":10},"end":{"line":56,"column":40}}],"line":54},"3":{"loc":{"start":{"line":58,"column":22},"end":{"line":58,"column":72}},"type":"cond-expr","locations":[{"start":{"line":58,"column":66},"end":{"line":58,"column":67}},{"start":{"line":58,"column":70},"end":{"line":58,"column":72}}],"line":58},"4":{"loc":{"start":{"line":58,"column":22},"end":{"line":58,"column":63}},"type":"binary-expr","locations":[{"start":{"line":58,"column":22},"end":{"line":58,"column":36}},{"start":{"line":58,"column":40},"end":{"line":58,"column":63}}],"line":58}},"s":{"0":0,"1":0,"2":0,"3":0,"4":0,"5":0,"6":0,"7":0,"8":0,"9":0,"10":0,"11":0,"12":0,"13":0,"14":0,"15":0,"16":0,"17":0,"18":0,"19":0,"20":0,"21":0,"22":0,"23":0,"24":0,"25":0,"26":0},"f":{"0":0,"1":0,"2":0,"3":0,"4":0,"5":0,"6":0,"7":0,"8":0,"9":0},"b":{"0":[0],"1":[0,0],"2":[0,0],"3":[0,0],"4":[0,0]},"_coverageSchema":"43e27e138ebf9cfc5966b082cf9a028302ed4184","hash":"64e00e44a84a1034fa228dc7776046121efb2c07"}
,"D:\\Text\\rx-util\\src\\module\\formdata\\appends.js": {"path":"D:\\Text\\rx-util\\src\\module\\formdata\\appends.js","statementMap":{"0":{"start":{"line":11,"column":2},"end":{"line":13,"column":3}},"1":{"start":{"line":12,"column":4},"end":{"line":12,"column":28}},"2":{"start":{"line":14,"column":2},"end":{"line":14,"column":11}}},"fnMap":{"0":{"name":"appends","decl":{"start":{"line":10,"column":16},"end":{"line":10,"column":23}},"loc":{"start":{"line":10,"column":34},"end":{"line":15,"column":1}},"line":10}},"branchMap":{},"s":{"0":1,"1":2,"2":1},"f":{"0":1},"b":{},"_coverageSchema":"43e27e138ebf9cfc5966b082cf9a028302ed4184","hash":"e04932a335901c3bc5c46f2af95c58011d4cc9cd"}
,"D:\\Text\\rx-util\\src\\module\\formdata\\deletes.js": {"path":"D:\\Text\\rx-util\\src\\module\\formdata\\deletes.js","statementMap":{"0":{"start":{"line":10,"column":2},"end":{"line":10,"column":37}},"1":{"start":{"line":10,"column":22},"end":{"line":10,"column":36}},"2":{"start":{"line":11,"column":2},"end":{"line":11,"column":11}}},"fnMap":{"0":{"name":"deletes","decl":{"start":{"line":9,"column":16},"end":{"line":9,"column":23}},"loc":{"start":{"line":9,"column":35},"end":{"line":12,"column":1}},"line":9},"1":{"name":"(anonymous_1)","decl":{"start":{"line":10,"column":15},"end":{"line":10,"column":16}},"loc":{"start":{"line":10,"column":22},"end":{"line":10,"column":36}},"line":10}},"branchMap":{},"s":{"0":1,"1":1,"2":1},"f":{"0":1,"1":1},"b":{},"_coverageSchema":"43e27e138ebf9cfc5966b082cf9a028302ed4184","hash":"c7bb51923ce5fdebb8a50035512215b1419bde0a"}
,"D:\\Text\\rx-util\\src\\module\\formdata\\formDataToArray.js": {"path":"D:\\Text\\rx-util\\src\\module\\formdata\\formDataToArray.js","statementMap":{"0":{"start":{"line":11,"column":2},"end":{"line":11,"column":33}}},"fnMap":{"0":{"name":"formDataToArray","decl":{"start":{"line":10,"column":16},"end":{"line":10,"column":31}},"loc":{"start":{"line":10,"column":37},"end":{"line":12,"column":1}},"line":10}},"branchMap":{},"s":{"0":1},"f":{"0":1},"b":{},"_coverageSchema":"43e27e138ebf9cfc5966b082cf9a028302ed4184","hash":"e188ad2373202559fdb9912529c22c909fd4ea43"}
,"D:\\Text\\rx-util\\src\\module\\formdata\\objToFormData.js": {"path":"D:\\Text\\rx-util\\src\\module\\formdata\\objToFormData.js","statementMap":{"0":{"start":{"line":9,"column":13},"end":{"line":9,"column":27}},"1":{"start":{"line":10,"column":2},"end":{"line":17,"column":3}},"2":{"start":{"line":11,"column":4},"end":{"line":16,"column":5}},"3":{"start":{"line":12,"column":6},"end":{"line":15,"column":7}},"4":{"start":{"line":13,"column":18},"end":{"line":13,"column":25}},"5":{"start":{"line":14,"column":8},"end":{"line":14,"column":23}},"6":{"start":{"line":18,"column":2},"end":{"line":18,"column":11}}},"fnMap":{"0":{"name":"objToFormData","decl":{"start":{"line":8,"column":16},"end":{"line":8,"column":29}},"loc":{"start":{"line":8,"column":37},"end":{"line":19,"column":1}},"line":8}},"branchMap":{"0":{"loc":{"start":{"line":10,"column":2},"end":{"line":17,"column":3}},"type":"if","locations":[{"start":{"line":10,"column":2},"end":{"line":17,"column":3}},{"start":{"line":10,"column":2},"end":{"line":17,"column":3}}],"line":10},"1":{"loc":{"start":{"line":12,"column":6},"end":{"line":15,"column":7}},"type":"if","locations":[{"start":{"line":12,"column":6},"end":{"line":15,"column":7}},{"start":{"line":12,"column":6},"end":{"line":15,"column":7}}],"line":12}},"s":{"0":4,"1":4,"2":4,"3":8,"4":8,"5":8,"6":4},"f":{"0":4},"b":{"0":[4,0],"1":[8,0]},"_coverageSchema":"43e27e138ebf9cfc5966b082cf9a028302ed4184","hash":"ba9bb5a920bf7a4cb1d3ee8764d8a88be75f750b"}
,"D:\\Text\\rx-util\\src\\module\\formdata\\sets.js": {"path":"D:\\Text\\rx-util\\src\\module\\formdata\\sets.js","statementMap":{"0":{"start":{"line":10,"column":2},"end":{"line":12,"column":3}},"1":{"start":{"line":11,"column":4},"end":{"line":11,"column":21}},"2":{"start":{"line":13,"column":2},"end":{"line":13,"column":11}}},"fnMap":{"0":{"name":"sets","decl":{"start":{"line":9,"column":16},"end":{"line":9,"column":20}},"loc":{"start":{"line":9,"column":31},"end":{"line":14,"column":1}},"line":9}},"branchMap":{},"s":{"0":1,"1":2,"2":1},"f":{"0":1},"b":{},"_coverageSchema":"43e27e138ebf9cfc5966b082cf9a028302ed4184","hash":"55af30e74f5fbe5415ca23d9087e4cf8804bd407"}
,"D:\\Text\\rx-util\\src\\module\\function\\StateMachine.js": {"path":"D:\\Text\\rx-util\\src\\module\\function\\StateMachine.js","statementMap":{"0":{"start":{"line":13,"column":21},"end":{"line":13,"column":30}},"1":{"start":{"line":18,"column":4},"end":{"line":44,"column":7}},"2":{"start":{"line":26,"column":8},"end":{"line":26,"column":47}},"3":{"start":{"line":27,"column":8},"end":{"line":27,"column":20}},"4":{"start":{"line":37,"column":22},"end":{"line":37,"column":41}},"5":{"start":{"line":38,"column":8},"end":{"line":40,"column":9}},"6":{"start":{"line":39,"column":10},"end":{"line":39,"column":21}},"7":{"start":{"line":42,"column":8},"end":{"line":42,"column":59}}},"fnMap":{"0":{"name":"(anonymous_0)","decl":{"start":{"line":12,"column":2},"end":{"line":12,"column":3}},"loc":{"start":{"line":12,"column":23},"end":{"line":45,"column":3}},"line":12},"1":{"name":"(anonymous_1)","decl":{"start":{"line":25,"column":6},"end":{"line":25,"column":7}},"loc":{"start":{"line":25,"column":30},"end":{"line":28,"column":7}},"line":25},"2":{"name":"(anonymous_2)","decl":{"start":{"line":36,"column":6},"end":{"line":36,"column":7}},"loc":{"start":{"line":36,"column":26},"end":{"line":43,"column":7}},"line":36}},"branchMap":{"0":{"loc":{"start":{"line":38,"column":8},"end":{"line":40,"column":9}},"type":"if","locations":[{"start":{"line":38,"column":8},"end":{"line":40,"column":9}},{"start":{"line":38,"column":8},"end":{"line":40,"column":9}}],"line":38}},"s":{"0":1,"1":1,"2":2,"3":2,"4":3,"5":3,"6":1,"7":2},"f":{"0":1,"1":2,"2":3},"b":{"0":[1,2]},"_coverageSchema":"43e27e138ebf9cfc5966b082cf9a028302ed4184","hash":"0bee62bfcf85e27a740945e26e3cbce6e23e7a13"}
[...]
,"D:\\Text\\rx-util\\src\\module\\obj\\excludeFields.js": {"path":"D:\\Text\\rx-util\\src\\module\\obj\\excludeFields.js","statementMap":{"0":{"start":{"line":10,"column":14},"end":{"line":10,"column":29}},"1":{"start":{"line":11,"column":2},"end":{"line":16,"column":8}},"2":{"start":{"line":12,"column":4},"end":{"line":14,"column":5}},"3":{"start":{"line":13,"column":6},"end":{"line":13,"column":16}},"4":{"start":{"line":15,"column":4},"end":{"line":15,"column":14}}},"fnMap":{"0":{"name":"excludeFields","decl":{"start":{"line":9,"column":16},"end":{"line":9,"column":29}},"loc":{"start":{"line":9,"column":50},"end":{"line":17,"column":1}},"line":9},"1":{"name":"(anonymous_1)","decl":{"start":{"line":11,"column":39},"end":{"line":11,"column":40}},"loc":{"start":{"line":11,"column":56},"end":{"line":16,"column":3}},"line":11}},"branchMap":{"0":{"loc":{"start":{"line":12,"column":4},"end":{"line":14,"column":5}},"type":"if","locations":[{"start":{"line":12,"column":4},"end":{"line":14,"column":5}},{"start":{"line":12,"column":4},"end":{"line":14,"column":5}}],"line":12}},"s":{"0":13,"1":13,"2":30,"3":16,"4":30},"f":{"0":13,"1":30},"b":{"0":[16,14]},"_coverageSchema":"43e27e138ebf9cfc5966b082cf9a028302ed4184","hash":"41c65e4291c74cc616be7702533ab0bc62d9620d"}
,"D:\\Text\\rx-util\\src\\module\\obj\\excludeFieldsDeep.js": {"path":"D:\\Text\\rx-util\\src\\module\\obj\\excludeFieldsDeep.js","statementMap":{"0":{"start":{"line":10,"column":4},"end":{"line":10,"column":71}},"1":{"start":{"line":11,"column":2},"end":{"line":18,"column":3}},"2":{"start":{"line":12,"column":4},"end":{"line":17,"column":5}},"3":{"start":{"line":13,"column":16},"end":{"line":13,"column":22}},"4":{"start":{"line":14,"column":6},"end":{"line":16,"column":7}},"5":{"start":{"line":15,"column":8},"end":{"line":15,"column":51}},"6":{"start":{"line":19,"column":2},"end":{"line":19,"column":12}}},"fnMap":{"0":{"name":"excludeFieldsDeep","decl":{"start":{"line":8,"column":16},"end":{"line":8,"column":33}},"loc":{"start":{"line":8,"column":54},"end":{"line":20,"column":1}},"line":8}},"branchMap":{"0":{"loc":{"start":{"line":10,"column":4},"end":{"line":10,"column":71}},"type":"cond-expr","locations":[{"start":{"line":10,"column":30},"end":{"line":10,"column":36}},{"start":{"line":10,"column":39},"end":{"line":10,"column":71}}],"line":10},"1":{"loc":{"start":{"line":12,"column":4},"end":{"line":17,"column":5}},"type":"if","locations":[{"start":{"line":12,"column":4},"end":{"line":17,"column":5}},{"start":{"line":12,"column":4},"end":{"line":17,"column":5}}],"line":12},"2":{"loc":{"start":{"line":14,"column":6},"end":{"line":16,"column":7}},"type":"if","locations":[{"start":{"line":14,"column":6},"end":{"line":16,"column":7}},{"start":{"line":14,"column":6},"end":{"line":16,"column":7}}],"line":14}},"s":{"0":11,"1":11,"2":15,"3":15,"4":15,"5":5,"6":11},"f":{"0":11},"b":{"0":[2,9],"1":[15,0],"2":[5,10]},"_coverageSchema":"43e27e138ebf9cfc5966b082cf9a028302ed4184","hash":"ee9b103206244e455c1e4996fd13fe5716c1e791"}
,"D:\\Text\\rx-util\\src\\module\\obj\\mapToObject.js": {"path":"D:\\Text\\rx-util\\src\\module\\obj\\mapToObject.js","statementMap":{"0":{"start":{"line":8,"column":14},"end":{"line":8,"column":16}},"1":{"start":{"line":9,"column":2},"end":{"line":11,"column":3}},"2":{"start":{"line":10,"column":4},"end":{"line":10,"column":14}},"3":{"start":{"line":12,"column":2},"end":{"line":12,"column":12}}},"fnMap":{"0":{"name":"mapToObject","decl":{"start":{"line":7,"column":16},"end":{"line":7,"column":27}},"loc":{"start":{"line":7,"column":34},"end":{"line":13,"column":1}},"line":7}},"branchMap":{},"s":{"0":1,"1":1,"2":3,"3":1},"f":{"0":1},"b":{},"_coverageSchema":"43e27e138ebf9cfc5966b082cf9a028302ed4184","hash":"f19f72ae052be622db988b0303220056091c3e87"}
,"D:\\Text\\rx-util\\src\\module\\string\\StringConverter.js": {"path":"D:\\Text\\rx-util\\src\\module\\string\\StringConverter.js","statementMap":{"0":{"start":{"line":16,"column":4},"end":{"line":16,"column":37}},"1":{"start":{"line":27,"column":4},"end":{"line":27,"column":35}},"2":{"start":{"line":43,"column":19},"end":{"line":43,"column":21}},"3":{"start":{"line":44,"column":14},"end":{"line":44,"column":24}},"4":{"start":{"line":45,"column":14},"end":{"line":45,"column":15}},"5":{"start":{"line":46,"column":4},"end":{"line":54,"column":5}},"6":{"start":{"line":46,"column":17},"end":{"line":46,"column":18}},"7":{"start":{"line":47,"column":16},"end":{"line":47,"column":29}},"8":{"start":{"line":48,"column":6},"end":{"line":53,"column":7}},"9":{"start":{"line":49,"column":8},"end":{"line":51,"column":9}},"10":{"start":{"line":50,"column":10},"end":{"line":50,"column":44}},"11":{"start":{"line":52,"column":8},"end":{"line":52,"column":15}},"12":{"start":{"line":55,"column":4},"end":{"line":57,"column":5}},"13":{"start":{"line":56,"column":6},"end":{"line":56,"column":49}},"14":{"start":{"line":58,"column":4},"end":{"line":58,"column":17}},"15":{"start":{"line":75,"column":16},"end":{"line":77,"column":13}},"16":{"start":{"line":76,"column":16},"end":{"line":76,"column":64}},"17":{"start":{"line":78,"column":4},"end":{"line":78,"column":63}},"18":{"start":{"line":94,"column":4},"end":{"line":96,"column":13}},"19":{"start":{"line":95,"column":16},"end":{"line":95,"column":64}},"20":{"start":{"line":111,"column":4},"end":{"line":111,"column":25}},"21":{"start":{"line":126,"column":4},"end":{"line":126,"column":51}},"22":{"start":{"line":126,"column":25},"end":{"line":126,"column":40}},"23":{"start":{"line":141,"column":4},"end":{"line":141,"column":51}},"24":{"start":{"line":141,"column":25},"end":{"line":141,"column":40}},"25":{"start":{"line":147,"column":31},"end":{"line":164,"column":1}},"26":{"start":{"line":178,"column":4},"end":{"line":189,"column":5}},"27":{"start":{"line":180,"column":8},"end":{"line":180,"column":35}},"28":{"start":{"line":182,"column":8},"end":{"line":182,"column":36}},"29":{"start":{"line":184,"column":8},"end":{"line":184,"column":35}},"30":{"start":{"line":186,"column":8},"end":{"line":186,"column":44}},"31":{"start":{"line":188,"column":8},"end":{"line":188,"column":59}},"32":{"start":{"line":211,"column":4},"end":{"line":211,"column":59}},"33":{"start":{"line":217,"column":4},"end":{"line":217,"column":55}},"34":{"start":{"line":227,"column":4},"end":{"line":229,"column":5}},"35":{"start":{"line":228,"column":6},"end":{"line":228,"column":16}},"36":{"start":{"line":230,"column":4},"end":{"line":230,"column":60}},"37":{"start":{"line":242,"column":22},"end":{"line":256,"column":1}},"38":{"start":{"line":248,"column":16},"end":{"line":248,"column":50}},"39":{"start":{"line":255,"column":16},"end":{"line":255,"column":47}},"40":{"start":{"line":270,"column":4},"end":{"line":270,"column":34}},"41":{"start":{"line":281,"column":4},"end":{"line":281,"column":62}}},"fnMap":{"0":{"name":"(anonymous_0)","decl":{"start":{"line":15,"column":2},"end":{"line":15,"column":3}},"loc":{"start":{"line":15,"column":13},"end":{"line":17,"column":3}},"line":15},"1":{"name":"(anonymous_1)","decl":{"start":{"line":26,"column":2},"end":{"line":26,"column":3}},"loc":{"start":{"line":26,"column":12},"end":{"line":28,"column":3}},"line":26},"2":{"name":"(anonymous_2)","decl":{"start":{"line":42,"column":2},"end":{"line":42,"column":3}},"loc":{"start":{"line":42,"column":13},"end":{"line":59,"column":3}},"line":42},"3":{"name":"(anonymous_3)","decl":{"start":{"line":74,"column":2},"end":{"line":74,"column":3}},"loc":{"start":{"line":74,"column":12},"end":{"line":79,"column":3}},"line":74},"4":{"name":"(anonymous_4)","decl":{"start":{"line":76,"column":11},"end":{"line":76,"column":12}},"loc":{"start":{"line":76,"column":16},"end":{"line":76,"column":64}},"line":76},"5":{"name":"(anonymous_5)","decl":{"start":{"line":93,"column":2},"end":{"line":93,"column":3}},"loc":{"start":{"line":93,"column":12},"end":{"line":97,"column":3}},"line":93},"6":{"name":"(anonymous_6)","decl":{"start":{"line":95,"column":11},"end":{"line":95,"column":12}},"loc":{"start":{"line":95,"column":16},"end":{"line":95,"column":64}},"line":95},"7":{"name":"(anonymous_7)","decl":{"start":{"line":110,"column":2},"end":{"line":110,"column":3}},"loc":{"start":{"line":110,"column":13},"end":{"line":112,"column":3}},"line":110},"8":{"name":"(anonymous_8)","decl":{"start":{"line":125,"column":2},"end":{"line":125,"column":3}},"loc":{"start":{"line":125,"column":12},"end":{"line":127,"column":3}},"line":125},"9":{"name":"(anonymous_9)","decl":{"start":{"line":126,"column":20},"end":{"line":126,"column":21}},"loc":{"start":{"line":126,"column":25},"end":{"line":126,"column":40}},"line":126},"10":{"name":"(anonymous_10)","decl":{"start":{"line":140,"column":2},"end":{"line":140,"column":3}},"loc":{"start":{"line":140,"column":12},"end":{"line":142,"column":3}},"line":140},"11":{"name":"(anonymous_11)","decl":{"start":{"line":141,"column":20},"end":{"line":141,"column":21}},"loc":{"start":{"line":141,"column":25},"end":{"line":141,"column":40}},"line":141},"12":{"name":"(anonymous_12)","decl":{"start":{"line":177,"column":2},"end":{"line":177,"column":3}},"loc":{"start":{"line":177,"column":33},"end":{"line":190,"column":3}},"line":177},"13":{"name":"(anonymous_13)","decl":{"start":{"line":205,"column":2},"end":{"line":205,"column":3}},"loc":{"start":{"line":205,"column":25},"end":{"line":218,"column":3}},"line":205},"14":{"name":"(anonymous_14)","decl":{"start":{"line":226,"column":2},"end":{"line":226,"column":3}},"loc":{"start":{"line":226,"column":16},"end":{"line":231,"column":3}},"line":226},"15":{"name":"(anonymous_15)","decl":{"start":{"line":248,"column":2},"end":{"line":248,"column":3}},"loc":{"start":{"line":248,"column":16},"end":{"line":248,"column":50}},"line":248},"16":{"name":"(anonymous_16)","decl":{"start":{"line":255,"column":2},"end":{"line":255,"column":3}},"loc":{"start":{"line":255,"column":16},"end":{"line":255,"column":47}},"line":255},"17":{"name":"(anonymous_17)","decl":{"start":{"line":269,"column":2},"end":{"line":269,"column":3}},"loc":{"start":{"line":269,"column":33},"end":{"line":271,"column":3}},"line":269},"18":{"name":"(anonymous_18)","decl":{"start":{"line":280,"column":2},"end":{"line":280,"column":3}},"loc":{"start":{"line":280,"column":33},"end":{"line":282,"column":3}},"line":280}},"branchMap":{"0":{"loc":{"start":{"line":48,"column":6},"end":{"line":53,"column":7}},"type":"if","locations":[{"start":{"line":48,"column":6},"end":{"line":53,"column":7}},{"start":{"line":48,"column":6},"end":{"line":53,"column":7}}],"line":48},"1":{"loc":{"start":{"line":48,"column":10},"end":{"line":48,"column":30}},"type":"binary-expr","locations":[{"start":{"line":48,"column":10},"end":{"line":48,"column":18}},{"start":{"line":48,"column":22},"end":{"line":48,"column":30}}],"line":48},"2":{"loc":{"start":{"line":49,"column":8},"end":{"line":51,"column":9}},"type":"if","locations":[{"start":{"line":49,"column":8},"end":{"line":51,"column":9}},{"start":{"line":49,"column":8},"end":{"line":51,"column":9}}],"line":49},"3":{"loc":{"start":{"line":55,"column":4},"end":{"line":57,"column":5}},"type":"if","locations":[{"start":{"line":55,"column":4},"end":{"line":57,"column":5}},{"start":{"line":55,"column":4},"end":{"line":57,"column":5}}],"line":55},"4":{"loc":{"start":{"line":178,"column":4},"end":{"line":189,"column":5}},"type":"switch","locations":[{"start":{"line":179,"column":6},"end":{"line":180,"column":35}},{"start":{"line":181,"column":6},"end":{"line":182,"column":36}},{"start":{"line":183,"column":6},"end":{"line":184,"column":35}},{"start":{"line":185,"column":6},"end":{"line":186,"column":44}},{"start":{"line":187,"column":6},"end":{"line":188,"column":59}}],"line":178},"5":{"loc":{"start":{"line":227,"column":4},"end":{"line":229,"column":5}},"type":"if","locations":[{"start":{"line":227,"column":4},"end":{"line":229,"column":5}},{"start":{"line":227,"column":4},"end":{"line":229,"column":5}}],"line":227},"6":{"loc":{"start":{"line":227,"column":8},"end":{"line":227,"column":61}},"type":"binary-expr","locations":[{"start":{"line":227,"column":8},"end":{"line":227,"column":25}},{"start":{"line":227,"column":29},"end":{"line":227,"column":41}},{"start":{"line":227,"column":45},"end":{"line":227,"column":61}}],"line":227}},"s":{"0":0,"1":0,"2":2,"3":2,"4":2,"5":2,"6":2,"7":22,"8":22,"9":3,"10":2,"11":3,"12":2,"13":2,"14":2,"15":0,"16":0,"17":0,"18":0,"19":0,"20":0,"21":1,"22":2,"23":1,"24":2,"25":2,"26":4,"27":1,"28":1,"29":1,"30":1,"31":0,"32":2,"33":2,"34":2,"35":0,"36":2,"37":2,"38":2,"39":2,"40":2,"41":1},"f":{"0":0,"1":0,"2":2,"3":0,"4":0,"5":0,"6":0,"7":0,"8":1,"9":2,"10":1,"11":2,"12":4,"13":2,"14":2,"15":2,"16":2,"17":2,"18":1},"b":{"0":[3,19],"1":[22,22],"2":[2,1],"3":[2,0],"4":[1,1,1,1,0],"5":[0,2],"6":[2,2,2]},"_coverageSchema":"43e27e138ebf9cfc5966b082cf9a028302ed4184","hash":"8008ff13fe8b395bbcbd3a4c463ef34ee0e9cccd"}
,"D:\\Text\\rx-util\\src\\module\\string\\blankToNull.js": {"path":"D:\\Text\\rx-util\\src\\module\\string\\blankToNull.js","statementMap":{"0":{"start":{"line":9,"column":2},"end":{"line":9,"column":53}}},"fnMap":{"0":{"name":"blankToNull","decl":{"start":{"line":8,"column":16},"end":{"line":8,"column":27}},"loc":{"start":{"line":8,"column":34},"end":{"line":10,"column":1}},"line":8}},"branchMap":{"0":{"loc":{"start":{"line":9,"column":9},"end":{"line":9,"column":53}},"type":"cond-expr","locations":[{"start":{"line":9,"column":43},"end":{"line":9,"column":47}},{"start":{"line":9,"column":50},"end":{"line":9,"column":53}}],"line":9},"1":{"loc":{"start":{"line":9,"column":9},"end":{"line":9,"column":40}},"type":"binary-expr","locations":[{"start":{"line":9,"column":9},"end":{"line":9,"column":13}},{"start":{"line":9,"column":17},"end":{"line":9,"column":40}}],"line":9}},"s":{"0":4},"f":{"0":4},"b":{"0":[3,1],"1":[4,1]},"_coverageSchema":"43e27e138ebf9cfc5966b082cf9a028302ed4184","hash":"029f7b38a3e98822307ba31d16fa987dceca3189"}
,"D:\\Text\\rx-util\\src\\module\\string\\fill.js": {"path":"D:\\Text\\rx-util\\src\\module\\string\\fill.js","statementMap":{"0":{"start":{"line":9,"column":2},"end":{"line":11,"column":3}},"1":{"start":{"line":10,"column":4},"end":{"line":10,"column":13}},"2":{"start":{"line":12,"column":2},"end":{"line":12,"column":35}}},"fnMap":{"0":{"name":"fill","decl":{"start":{"line":8,"column":16},"end":{"line":8,"column":20}},"loc":{"start":{"line":8,"column":33},"end":{"line":13,"column":1}},"line":8}},"branchMap":{"0":{"loc":{"start":{"line":9,"column":2},"end":{"line":11,"column":3}},"type":"if","locations":[{"start":{"line":9,"column":2},"end":{"line":11,"column":3}},{"start":{"line":9,"column":2},"end":{"line":11,"column":3}}],"line":9}},"s":{"0":241,"1":70,"2":171},"f":{"0":241},"b":{"0":[70,171]},"_coverageSchema":"43e27e138ebf9cfc5966b082cf9a028302ed4184","hash":"2565948a58ff91456f22d3e36c2a38b94fb8b361"}
,"D:\\Text\\rx-util\\src\\module\\string\\format.js": {"path":"D:\\Text\\rx-util\\src\\module\\string\\format.js","statementMap":{"0":{"start":{"line":11,"column":2},"end":{"line":13,"column":3}},"1":{"start":{"line":12,"column":4},"end":{"line":12,"column":14}},"2":{"start":{"line":14,"column":2},"end":{"line":17,"column":3}},"3":{"start":{"line":15,"column":16},"end":{"line":15,"column":63}}},"fnMap":{"0":{"name":"format","decl":{"start":{"line":10,"column":16},"end":{"line":10,"column":22}},"loc":{"start":{"line":10,"column":35},"end":{"line":18,"column":1}},"line":10},"1":{"name":"(anonymous_1)","decl":{"start":{"line":15,"column":4},"end":{"line":15,"column":5}},"loc":{"start":{"line":15,"column":16},"end":{"line":15,"column":63}},"line":15}},"branchMap":{"0":{"loc":{"start":{"line":11,"column":2},"end":{"line":13,"column":3}},"type":"if","locations":[{"start":{"line":11,"column":2},"end":{"line":13,"column":3}},{"start":{"line":11,"column":2},"end":{"line":13,"column":3}}],"line":11}},"s":{"0":2,"1":1,"2":1,"3":2},"f":{"0":2,"1":2},"b":{"0":[1,1]},"_coverageSchema":"43e27e138ebf9cfc5966b082cf9a028302ed4184","hash":"58395d14624bcd33526f6cab6fb24fa23d2397cd"}
,"D:\\Text\\rx-util\\src\\module\\string\\isFloat.js": {"path":"D:\\Text\\rx-util\\src\\module\\string\\isFloat.js","statementMap":{"0":{"start":{"line":5,"column":15},"end":{"line":5,"column":47}},"1":{"start":{"line":12,"column":2},"end":{"line":12,"column":25}}},"fnMap":{"0":{"name":"isFloat","decl":{"start":{"line":11,"column":16},"end":{"line":11,"column":23}},"loc":{"start":{"line":11,"column":30},"end":{"line":13,"column":1}},"line":11}},"branchMap":{},"s":{"0":2,"1":3},"f":{"0":3},"b":{},"_coverageSchema":"43e27e138ebf9cfc5966b082cf9a028302ed4184","hash":"51fc28bc3aae40c3267014ac498f132390407d30"}
,"D:\\Text\\rx-util\\src\\module\\string\\isNumber.js": {"path":"D:\\Text\\rx-util\\src\\module\\string\\isNumber.js","statementMap":{"0":{"start":{"line":5,"column":15},"end":{"line":5,"column":37}},"1":{"start":{"line":12,"column":2},"end":{"line":12,"column":25}}},"fnMap":{"0":{"name":"isNumber","decl":{"start":{"line":11,"column":16},"end":{"line":11,"column":24}},"loc":{"start":{"line":11,"column":31},"end":{"line":13,"column":1}},"line":11}},"branchMap":{},"s":{"0":2,"1":3},"f":{"0":3},"b":{},"_coverageSchema":"43e27e138ebf9cfc5966b082cf9a028302ed4184","hash":"709a48e22da4c6ee4851d1797812a6fd2b7a7f7b"}
,"D:\\Text\\rx-util\\src\\module\\string\\toLowerCase.js": {"path":"D:\\Text\\rx-util\\src\\module\\string\\toLowerCase.js","statementMap":{"0":{"start":{"line":8,"column":2},"end":{"line":10,"column":3}},"1":{"start":{"line":9,"column":4},"end":{"line":9,"column":14}},"2":{"start":{"line":11,"column":2},"end":{"line":11,"column":26}}},"fnMap":{"0":{"name":"toLowerCase","decl":{"start":{"line":7,"column":16},"end":{"line":7,"column":27}},"loc":{"start":{"line":7,"column":34},"end":{"line":12,"column":1}},"line":7}},"branchMap":{"0":{"loc":{"start":{"line":8,"column":2},"end":{"line":10,"column":3}},"type":"if","locations":[{"start":{"line":8,"column":2},"end":{"line":10,"column":3}},{"start":{"line":8,"column":2},"end":{"line":10,"column":3}}],"line":8},"1":{"loc":{"start":{"line":8,"column":6},"end":{"line":8,"column":37}},"type":"binary-expr","locations":[{"start":{"line":8,"column":6},"end":{"line":8,"column":10}},{"start":{"line":8,"column":14},"end":{"line":8,"column":37}}],"line":8}},"s":{"0":5,"1":1,"2":4},"f":{"0":5},"b":{"0":[1,4],"1":[5,4]},"_coverageSchema":"43e27e138ebf9cfc5966b082cf9a028302ed4184","hash":"55fa34c1355f2f00fe8ed45bfe961a9e1125d75c"}
,"D:\\Text\\rx-util\\src\\module\\string\\toUpperCase.js": {"path":"D:\\Text\\rx-util\\src\\module\\string\\toUpperCase.js","statementMap":{"0":{"start":{"line":8,"column":2},"end":{"line":10,"column":3}},"1":{"start":{"line":9,"column":4},"end":{"line":9,"column":14}},"2":{"start":{"line":11,"column":2},"end":{"line":11,"column":26}}},"fnMap":{"0":{"name":"toUpperCase","decl":{"start":{"line":7,"column":16},"end":{"line":7,"column":27}},"loc":{"start":{"line":7,"column":34},"end":{"line":12,"column":1}},"line":7}},"branchMap":{"0":{"loc":{"start":{"line":8,"column":2},"end":{"line":10,"column":3}},"type":"if","locations":[{"start":{"line":8,"column":2},"end":{"line":10,"column":3}},{"start":{"line":8,"column":2},"end":{"line":10,"column":3}}],"line":8},"1":{"loc":{"start":{"line":8,"column":6},"end":{"line":8,"column":37}},"type":"binary-expr","locations":[{"start":{"line":8,"column":6},"end":{"line":8,"column":10}},{"start":{"line":8,"column":14},"end":{"line":8,"column":37}}],"line":8}},"s":{"0":4,"1":2,"2":2},"f":{"0":4},"b":{"0":[2,2],"1":[4,3]},"_coverageSchema":"43e27e138ebf9cfc5966b082cf9a028302ed4184","hash":"7c61dad6dfe957daee5f818e77ea37863d508662"}
}
