TN:
SF:D:\Text\rx-util\src\main.js
FNF:0
FNH:0
LF:0
LH:0
BRF:0
BRH:0
end_of_record
TN:
SF:D:\Text\rx-util\src\module\ajax\FetchLimiting.js
FN:25,(anonymous_0)
FN:39,(anonymous_1)
FN:40,(anonymous_2)
FN:57,(anonymous_3)
FNF:4
FNH:0
FNDA:0,(anonymous_0)
FNDA:0,(anonymous_1)
FNDA:0,(anonymous_2)
FNDA:0,(anonymous_3)
DA:26,0
DA:27,0
DA:28,0
DA:29,0
DA:40,0
DA:41,0
DA:46,0
DA:47,0
DA:48,0
DA:51,0
DA:53,0
DA:56,0
DA:57,0
DA:59,0
LF:14
LH:0
BRDA:25,0,0,0
BRDA:25,1,0,0
BRF:2
BRH:0
end_of_record
TN:
SF:D:\Text\rx-util\src\module\ajax\download.js
FN:7,download
FNF:1
FNH:0
FNDA:0,download
DA:9,0
DA:10,0
DA:11,0
DA:13,0
DA:15,0
DA:16,0
DA:18,0
LF:7
LH:0
BRDA:7,0,0,0
BRF:1
BRH:0
end_of_record
TN:
SF:D:\Text\rx-util\src\module\ajax\downloadString.js
FN:9,downloadString
FNF:1
FNH:0
FNDA:0,downloadString
DA:10,0
DA:13,0
LF:2
LH:0
BRDA:9,0,0,0
BRF:1
BRH:0
end_of_record
TN:
SF:D:\Text\rx-util\src\module\ajax\downloadUrl.js
FN:9,downloadUrl
FNF:1
FNH:0
FNDA:0,downloadUrl
DA:13,0
DA:14,0
DA:15,0
DA:16,0
DA:18,0
LF:5
LH:0
BRDA:11,0,0,0
BRF:1
BRH:0
end_of_record
TN:
SF:D:\Text\rx-util\src\module\ajax\fetchTimeout.js
FN:9,fetchTimeout
FN:12,(anonymous_1)
FN:13,(anonymous_2)
FN:19,(anonymous_3)
FNF:4
FNH:0
FNDA:0,fetchTimeout
FNDA:0,(anonymous_1)
FNDA:0,(anonymous_2)
FNDA:0,(anonymous_3)
DA:10,0
DA:12,0
DA:13,0
DA:14,0
DA:18,0
DA:19,0
DA:20,0
DA:22,0
LF:8
LH:0
BRF:0
BRH:0
end_of_record
TN:
SF:D:\Text\rx-util\src\module\ajax\getCookies.js
FN:6,getCookies
FN:9,(anonymous_1)
FN:10,(anonymous_2)
FN:11,(anonymous_3)
FNF:4
FNH:0
FNDA:0,getCookies
FNDA:0,(anonymous_1)
FNDA:0,(anonymous_2)
FNDA:0,(anonymous_3)
DA:7,0
DA:9,0
DA:10,0
DA:11,0
LF:4
LH:0
BRF:0
BRH:0
end_of_record
TN:
SF:D:\Text\rx-util\src\module\ajax\loadResource.js
FN:10,loadResource
FNF:1
FNH:0
FNDA:0,loadResource
DA:11,0
DA:12,0
DA:14,0
LF:3
LH:0
BRDA:10,0,0,0
BRF:1
BRH:0
end_of_record
TN:
SF:D:\Text\rx-util\src\module\ajax\parseUrl.js
FN:17,(anonymous_0)
FN:53,parseUrl
FN:84,(anonymous_2)
FN:85,(anonymous_3)
FN:86,(anonymous_4)
FNF:5
FNH:5
FNDA:1,(anonymous_0)
FNDA:1,parseUrl
FNDA:2,(anonymous_2)
FNDA:2,(anonymous_3)
FNDA:2,(anonymous_4)
DA:27,1
DA:28,1
DA:29,1
DA:30,1
DA:31,1
DA:32,1
DA:33,1
DA:34,1
DA:41,2
DA:54,1
DA:55,0
DA:58,1
DA:59,1
DA:60,1
DA:69,1
DA:70,1
DA:71,1
DA:72,0
DA:73,0
DA:75,1
DA:76,1
DA:77,1
DA:79,1
DA:81,1
DA:84,2
DA:85,2
DA:87,2
DA:88,2
DA:90,2
DA:91,2
DA:92,0
DA:93,0
DA:95,0
DA:97,2
DA:99,2
DA:101,1
LF:36
LH:30
BRDA:18,0,0,0
BRDA:19,1,0,0
BRDA:20,2,0,0
BRDA:21,3,0,0
BRDA:22,4,0,1
BRDA:23,5,0,1
BRDA:24,6,0,0
BRDA:25,7,0,1
BRDA:54,8,0,0
BRDA:54,8,1,1
BRDA:71,9,0,0
BRDA:71,9,1,1
BRDA:76,10,0,1
BRDA:76,10,1,0
BRDA:79,11,0,1
BRDA:79,11,1,1
BRDA:79,11,2,0
BRDA:88,12,0,0
BRDA:88,12,1,2
BRDA:91,13,0,0
BRDA:91,13,1,2
BRDA:92,14,0,0
BRDA:92,14,1,0
BRF:23
BRH:10
end_of_record
TN:
SF:D:\Text\rx-util\src\module\ajax\readLocal.js
FN:10,readLocal
FN:14,(anonymous_1)
FN:19,(anonymous_2)
FN:23,(anonymous_3)
FNF:4
FNH:0
FNDA:0,readLocal
FNDA:0,(anonymous_1)
FNDA:0,(anonymous_2)
FNDA:0,(anonymous_3)
DA:14,0
DA:15,0
DA:16,0
DA:18,0
DA:19,0
DA:21,0
DA:23,0
DA:24,0
DA:26,0
DA:29,1
DA:30,1
DA:31,1
DA:32,1
LF:13
LH:4
BRDA:12,0,0,0
BRDA:12,1,0,0
BRDA:12,2,0,0
BRDA:15,3,0,0
BRDA:15,3,1,0
BRF:5
BRH:0
end_of_record
TN:
SF:D:\Text\rx-util\src\module\ajax\spliceParams.js
FN:5,(anonymous_0)
FN:12,spliceParams
FN:16,(anonymous_2)
FN:23,(anonymous_3)
FNF:4
FNH:4
FNDA:10,(anonymous_0)
FNDA:7,spliceParams
FNDA:7,(anonymous_2)
FNDA:5,(anonymous_3)
DA:4,2
DA:5,10
DA:13,7
DA:14,1
DA:16,6
DA:17,7
DA:18,0
DA:19,7
DA:20,1
DA:21,6
DA:22,2
DA:24,5
DA:31,4
DA:33,7
LF:14
LH:13
BRDA:12,0,0,1
BRDA:13,1,0,1
BRDA:13,1,1,6
BRDA:17,2,0,0
BRDA:17,2,1,7
BRDA:17,3,0,7
BRDA:17,3,1,7
BRDA:19,4,0,1
BRDA:19,4,1,6
BRDA:21,5,0,2
BRDA:21,5,1,4
BRDA:26,6,0,2
BRDA:26,6,1,3
BRF:13
BRH:12
end_of_record
TN:
SF:D:\Text\rx-util\src\module\ajax\strToArrayBuffer.js
FN:8,strToArrayBuffer
FNF:1
FNH:0
FNDA:0,strToArrayBuffer
DA:9,0
DA:10,0
DA:11,0
DA:12,0
DA:14,0
LF:5
LH:0
BRF:0
BRH:0
end_of_record
TN:
SF:D:\Text\rx-util\src\module\array\arrayToMap.js
FN:10,arrayToMap
FN:10,(anonymous_1)
FN:11,(anonymous_2)
FNF:3
FNH:3
FNDA:5,arrayToMap
FNDA:3,(anonymous_1)
FNDA:31,(anonymous_2)
DA:10,3
DA:11,5
DA:12,31
DA:13,31
LF:4
LH:4
BRDA:10,0,0,1
BRF:1
BRH:1
end_of_record
TN:
SF:D:\Text\rx-util\src\module\array\asIterator.js
FN:9,asIterator
FNF:1
FNH:1
FNDA:1,asIterator
DA:10,1
DA:11,1
DA:12,3
DA:13,3
DA:14,1
DA:16,2
DA:18,1
LF:7
LH:7
BRDA:13,0,0,1
BRDA:13,0,1,2
BRF:2
BRH:2
end_of_record
TN:
SF:D:\Text\rx-util\src\module\array\asyncFlatMap.js
FN:9,asyncFlatMap
FNF:1
FNH:1
FNDA:1,asyncFlatMap
DA:10,1
DA:11,1
DA:12,3
DA:14,1
LF:4
LH:4
BRF:0
BRH:0
end_of_record
TN:
SF:D:\Text\rx-util\src\module\array\flatMap.js
FN:10,flatMap
FN:12,(anonymous_1)
FNF:2
FNH:2
FNDA:1,flatMap
FNDA:3,(anonymous_1)
DA:12,3
LF:1
LH:1
BRF:0
BRH:0
end_of_record
TN:
SF:D:\Text\rx-util\src\module\array\groupBy.js
FN:10,groupBy
FN:12,(anonymous_1)
FNF:2
FNH:2
FNDA:1,groupBy
FNDA:3,(anonymous_1)
DA:12,1
DA:13,3
DA:15,3
DA:16,2
DA:18,3
DA:19,3
LF:6
LH:6
BRDA:15,0,0,2
BRDA:15,0,1,1
BRF:2
BRH:2
end_of_record
TN:
SF:D:\Text\rx-util\src\module\array\range.js
FN:10,range
FNF:1
FNH:1
FNDA:9,range
DA:11,9
DA:12,9
DA:13,21
DA:15,9
LF:4
LH:4
BRDA:10,0,0,9
BRF:1
BRH:1
end_of_record
TN:
SF:D:\Text\rx-util\src\module\array\toObject.js
FN:11,toObject
FN:11,(anonymous_1)
FN:12,(anonymous_2)
FNF:3
FNH:3
FNDA:1,toObject
FNDA:3,(anonymous_1)
FNDA:3,(anonymous_2)
DA:11,3
DA:12,1
DA:13,3
DA:14,3
DA:16,3
LF:5
LH:5
BRDA:11,0,0,1
BRDA:13,1,0,3
BRDA:13,1,1,0
BRF:3
BRH:2
end_of_record
TN:
SF:D:\Text\rx-util\src\module\array\uniqueBy.js
FN:8,uniqueBy
FN:8,(anonymous_1)
FN:10,(anonymous_2)
FNF:3
FNH:3
FNDA:1,uniqueBy
FNDA:11,(anonymous_1)
FNDA:7,(anonymous_2)
DA:8,11
DA:9,1
DA:10,1
DA:11,7
LF:4
LH:4
BRDA:8,0,0,1
BRDA:11,1,0,3
BRDA:11,1,1,4
BRF:3
BRH:3
end_of_record
TN:
SF:D:\Text\rx-util\src\module\date\dateFormat.js
FN:9,dateFormat
FNF:1
FNH:1
FNDA:13,dateFormat
DA:10,13
DA:20,13
DA:21,104
DA:22,34
DA:24,70
DA:25,11
DA:26,59
DA:27,7
DA:28,7
DA:29,7
DA:34,52
DA:40,13
LF:12
LH:12
BRDA:21,0,0,34
BRDA:21,0,1,70
BRDA:24,1,0,11
BRDA:24,1,1,59
BRDA:26,2,0,7
BRDA:26,2,1,52
BRDA:28,3,0,0
BRDA:28,3,1,7
BRDA:36,4,0,0
BRDA:36,4,1,52
BRF:10
BRH:8
end_of_record
TN:
SF:D:\Text\rx-util\src\module\date\strToDate.js
FN:17,(anonymous_0)
FN:43,strToDate
FN:81,(anonymous_2)
FN:83,(anonymous_3)
FN:87,(anonymous_4)
FN:96,(anonymous_5)
FN:104,(anonymous_6)
FN:104,(anonymous_7)
FNF:8
FNH:8
FNDA:35,(anonymous_0)
FNDA:5,strToDate
FNDA:28,(anonymous_2)
FNDA:11,(anonymous_3)
FNDA:15,(anonymous_4)
FNDA:15,(anonymous_5)
FNDA:28,(anonymous_6)
FNDA:28,(anonymous_7)
DA:18,35
DA:19,35
DA:20,35
DA:21,35
DA:26,2
DA:44,5
DA:46,5
DA:56,5
DA:57,5
DA:58,35
DA:59,35
DA:60,17
DA:61,17
DA:62,17
DA:63,17
DA:64,17
DA:68,18
DA:74,5
DA:75,5
DA:76,1
DA:79,4
DA:81,28
DA:84,11
DA:88,15
DA:89,15
DA:90,15
DA:91,15
DA:93,15
DA:97,15
DA:98,15
DA:99,0
DA:100,0
DA:104,28
DA:105,4
DA:106,1
DA:112,4
DA:117,4
LF:37
LH:35
BRDA:59,0,0,17
BRDA:59,0,1,18
BRDA:75,1,0,1
BRDA:75,1,1,4
BRDA:89,2,0,15
BRDA:89,2,1,0
BRDA:89,3,0,15
BRDA:89,3,1,15
BRDA:98,4,0,0
BRDA:98,4,1,15
BRDA:98,5,0,15
BRDA:98,5,1,0
BRDA:105,6,0,1
BRDA:105,6,1,3
BRF:14
BRH:11
end_of_record
TN:
SF:D:\Text\rx-util\src\module\dom\copyText.js
FN:7,copyText
FNF:1
FNH:0
FNDA:0,copyText
DA:8,0
DA:9,0
DA:10,0
DA:11,0
DA:12,0
DA:13,0
DA:14,0
LF:7
LH:0
BRF:0
BRH:0
end_of_record
TN:
SF:D:\Text\rx-util\src\module\dom\createElByString.js
FN:7,createElByString
FNF:1
FNH:1
FNDA:1,createElByString
DA:8,1
DA:9,1
DA:10,1
LF:3
LH:3
BRF:0
BRH:0
end_of_record
TN:
SF:D:\Text\rx-util\src\module\dom\getCusorPostion.js
FN:7,getCusorPostion
FNF:1
FNH:1
FNDA:5,getCusorPostion
DA:8,5
LF:1
LH:1
BRF:0
BRH:0
end_of_record
TN:
SF:D:\Text\rx-util\src\module\dom\getSelectText.js
FN:7,getSelectText
FNF:1
FNH:0
FNDA:0,getSelectText
DA:8,0
LF:1
LH:0
BRF:0
BRH:0
end_of_record
TN:
SF:D:\Text\rx-util\src\module\dom\insertText.js
FN:11,insertText
FNF:1
FNH:1
FNDA:2,insertText
DA:12,2
DA:13,2
DA:14,2
LF:3
LH:3
BRDA:11,0,0,1
BRF:1
BRH:1
end_of_record
TN:
SF:D:\Text\rx-util\src\module\dom\isEditable.js
FN:9,isEditable
FNF:1
FNH:1
FNDA:2,isEditable
DA:10,2
DA:11,2
LF:2
LH:2
BRDA:14,0,0,2
BRDA:14,0,1,2
BRDA:14,0,2,2
BRF:3
BRH:3
end_of_record
TN:
SF:D:\Text\rx-util\src\module\dom\lastFocus.js
FN:7,(anonymous_0)
FN:14,(anonymous_1)
FN:23,lastFocus
FNF:3
FNH:3
FNDA:3,(anonymous_0)
FNDA:3,(anonymous_1)
FNDA:5,lastFocus
DA:5,2
DA:8,3
DA:12,2
DA:15,3
DA:24,5
LF:5
LH:5
BRF:0
BRH:0
end_of_record
TN:
SF:D:\Text\rx-util\src\module\dom\removeEl.js
FN:7,removeEl
FNF:1
FNH:1
FNDA:2,removeEl
DA:8,2
DA:9,1
LF:2
LH:2
BRF:0
BRH:0
end_of_record
TN:
SF:D:\Text\rx-util\src\module\dom\removeText.js
FN:11,removeText
FNF:1
FNH:1
FNDA:2,removeText
DA:17,2
DA:18,2
DA:19,2
DA:20,2
LF:4
LH:4
BRDA:13,0,0,1
BRDA:14,1,0,1
BRF:2
BRH:2
end_of_record
TN:
SF:D:\Text\rx-util\src\module\dom\setCusorPostion.js
FN:8,setCusorPostion
FNF:1
FNH:1
FNDA:6,setCusorPostion
DA:9,6
DA:10,6
LF:2
LH:2
BRDA:8,0,0,5
BRF:1
BRH:1
end_of_record
TN:
SF:D:\Text\rx-util\src\module\event\watchEventListener.js
FN:6,watchEventListener
FN:21,(anonymous_1)
FN:35,addEventListener
FN:51,removeEventListenerByType
FN:58,(anonymous_4)
FN:59,(anonymous_5)
FN:60,(anonymous_6)
FN:64,(anonymous_7)
FN:64,(anonymous_8)
FN:67,initWatchDOM
FNF:10
FNH:0
FNDA:0,watchEventListener
FNDA:0,(anonymous_1)
FNDA:0,addEventListener
FNDA:0,removeEventListenerByType
FNDA:0,(anonymous_4)
FNDA:0,(anonymous_5)
FNDA:0,(anonymous_6)
FNDA:0,(anonymous_7)
FNDA:0,(anonymous_8)
FNDA:0,initWatchDOM
DA:10,0
DA:11,0
DA:12,0
DA:14,0
DA:15,0
DA:22,0
DA:23,0
DA:24,0
DA:25,0
DA:36,0
DA:38,0
DA:41,0
DA:42,0
DA:52,0
DA:54,0
DA:57,0
DA:58,0
DA:59,0
DA:60,0
DA:61,0
DA:62,0
DA:64,0
DA:67,0
DA:68,0
DA:71,0
LF:25
LH:0
BRDA:35,0,0,0
BRDA:38,1,0,0
BRDA:38,1,1,0
BRDA:54,2,0,0
BRDA:54,2,1,0
BRDA:58,3,0,0
BRDA:58,3,1,0
BRDA:58,4,0,0
BRDA:58,4,1,0
BRF:9
BRH:0
end_of_record
TN:
SF:D:\Text\rx-util\src\module\formdata\appends.js
FN:10,appends
FNF:1
FNH:1
FNDA:1,appends
DA:11,1
DA:12,2
DA:14,1
LF:3
LH:3
BRF:0
BRH:0
end_of_record
TN:
SF:D:\Text\rx-util\src\module\formdata\deletes.js
FN:9,deletes
FN:10,(anonymous_1)
FNF:2
FNH:2
FNDA:1,deletes
FNDA:1,(anonymous_1)
DA:10,1
DA:11,1
LF:2
LH:2
BRF:0
BRH:0
end_of_record
TN:
SF:D:\Text\rx-util\src\module\formdata\formDataToArray.js
FN:10,formDataToArray
FNF:1
FNH:1
FNDA:1,formDataToArray
DA:11,1
LF:1
LH:1
BRF:0
BRH:0
end_of_record
TN:
SF:D:\Text\rx-util\src\module\formdata\objToFormData.js
FN:8,objToFormData
FNF:1
FNH:1
FNDA:4,objToFormData
DA:9,4
DA:10,4
DA:11,4
DA:12,8
DA:13,8
DA:14,8
DA:18,4
LF:7
LH:7
BRDA:10,0,0,4
BRDA:10,0,1,0
BRDA:12,1,0,8
BRDA:12,1,1,0
BRF:4
BRH:2
end_of_record
TN:
SF:D:\Text\rx-util\src\module\formdata\sets.js
FN:9,sets
FNF:1
FNH:1
FNDA:1,sets
DA:10,1
DA:11,2
DA:13,1
LF:3
LH:3
BRF:0
BRH:0
end_of_record
TN:
SF:D:\Text\rx-util\src\module\function\StateMachine.js
FN:10,(anonymous_0)
FN:23,(anonymous_1)
FN:34,(anonymous_2)
FNF:3
FNH:3
FNDA:1,(anonymous_0)
FNDA:2,(anonymous_1)
FNDA:3,(anonymous_2)
DA:11,1
DA:16,1
DA:24,2
DA:25,2
DA:35,3
DA:36,3
DA:37,1
DA:40,2
LF:8
LH:8
BRDA:36,0,0,1
BRDA:36,0,1,2
BRF:2
BRH:2
end_of_record
TN:
SF:D:\Text\rx-util\src\module\function\debounce.js
FN:11,debounce
FN:13,(anonymous_1)
FN:16,(anonymous_2)
FNF:3
FNH:3
FNDA:1,debounce
FNDA:4,(anonymous_1)
FNDA:2,(anonymous_2)
DA:13,1
DA:14,4
DA:15,4
DA:16,4
DA:17,2
LF:5
LH:5
BRDA:15,0,0,3
BRDA:15,0,1,1
BRF:2
BRH:2
end_of_record
TN:
SF:D:\Text\rx-util\src\module\function\returnItself.js
FN:7,returnItself
FNF:1
FNH:1
FNDA:1,returnItself
DA:8,1
LF:1
LH:1
BRF:0
BRH:0
end_of_record
TN:
SF:D:\Text\rx-util\src\module\function\safeExec.js
FN:7,safeExec
FNF:1
FNH:1
FNDA:6,safeExec
DA:8,6
DA:9,6
DA:11,2
LF:3
LH:3
BRDA:7,0,0,5
BRF:1
BRH:1
end_of_record
TN:
SF:D:\Text\rx-util\src\module\function\singleModel.js
FN:7,singleModel
FN:13,(anonymous_1)
FNF:2
FNH:2
FNDA:1,singleModel
FNDA:2,(anonymous_1)
DA:9,1
DA:14,2
DA:15,1
DA:17,1
DA:18,1
LF:5
LH:5
BRDA:14,0,0,1
BRDA:14,0,1,1
BRF:2
BRH:2
end_of_record
TN:
SF:D:\Text\rx-util\src\module\function\throttle.js
FN:12,throttle
FN:14,(anonymous_1)
FNF:2
FNH:2
FNDA:1,throttle
FNDA:10,(anonymous_1)
DA:13,1
DA:14,1
DA:15,10
DA:16,10
DA:17,7
DA:18,7
LF:6
LH:6
BRDA:16,0,0,7
BRDA:16,0,1,3
BRF:2
BRH:2
end_of_record
TN:
SF:D:\Text\rx-util\src\module\function\timing.js
FN:8,timing
FN:14,(anonymous_1)
FNF:2
FNH:2
FNDA:2,timing
FNDA:1,(anonymous_1)
DA:9,2
DA:10,2
DA:11,2
DA:12,1
DA:14,1
LF:5
LH:5
BRDA:11,0,0,1
BRDA:11,0,1,1
BRF:2
BRH:2
end_of_record
TN:
SF:D:\Text\rx-util\src\module\function\wait.js
FN:8,wait
FN:9,(anonymous_1)
FN:13,(anonymous_2)
FNF:3
FNH:3
FNDA:6,wait
FNDA:6,(anonymous_1)
FNDA:10,(anonymous_2)
DA:9,6
DA:10,6
DA:11,4
DA:12,2
DA:13,1
DA:14,10
DA:15,1
DA:16,1
DA:20,1
LF:9
LH:9
BRDA:10,0,0,4
BRDA:10,0,1,2
BRDA:12,1,0,1
BRDA:12,1,1,1
BRDA:14,2,0,1
BRDA:14,2,1,9
BRF:6
BRH:6
end_of_record
TN:
SF:D:\Text\rx-util\src\module\function\waitResource.js
FN:11,waitResource
FN:13,(anonymous_1)
FN:14,(anonymous_2)
FNF:3
FNH:3
FNDA:2,waitResource
FNDA:2,(anonymous_1)
FNDA:20,(anonymous_2)
DA:12,2
DA:13,2
DA:14,2
DA:15,20
DA:16,2
DA:17,2
DA:19,20
DA:20,20
DA:21,2
DA:22,2
LF:10
LH:10
BRDA:11,0,0,1
BRDA:11,1,0,1
BRDA:11,2,0,1
BRDA:15,3,0,2
BRDA:15,3,1,18
BRDA:20,4,0,2
BRDA:20,4,1,18
BRF:7
BRH:7
end_of_record
TN:
SF:D:\Text\rx-util\src\module\function\watch.js
FN:11,watch
FN:13,(anonymous_1)
FN:20,(anonymous_2)
FNF:3
FNH:1
FNDA:3,watch
FNDA:0,(anonymous_1)
FNDA:0,(anonymous_2)
DA:12,3
DA:13,3
DA:14,0
DA:15,0
DA:16,0
DA:18,0
DA:20,3
LF:7
LH:3
BRDA:11,0,0,3
BRDA:15,1,0,0
BRDA:15,1,1,0
BRF:3
BRH:1
end_of_record
TN:
SF:D:\Text\rx-util\src\module\function\watchObject.js
FN:17,watchObject
FN:19,(anonymous_1)
FN:26,(anonymous_2)
FNF:3
FNH:1
FNDA:1,watchObject
FNDA:0,(anonymous_1)
FNDA:0,(anonymous_2)
DA:18,1
DA:20,0
DA:21,0
DA:23,0
DA:27,0
DA:28,0
DA:31,1
LF:7
LH:2
BRF:0
BRH:0
end_of_record
TN:
SF:D:\Text\rx-util\src\module\number\randomInt.js
FN:7,randomInt
FNF:1
FNH:1
FNDA:201,randomInt
DA:10,201
DA:11,1
DA:12,200
DA:13,100
DA:14,100
DA:15,100
DA:16,100
DA:17,100
DA:19,200
LF:9
LH:9
BRDA:10,0,0,1
BRDA:10,0,1,200
BRDA:12,1,0,100
BRDA:12,1,1,100
BRDA:15,2,0,100
BRDA:15,2,1,0
BRF:6
BRH:5
end_of_record
TN:
SF:D:\Text\rx-util\src\module\obj\blankToNullField.js
FN:10,blankToNullField
FNF:1
FNH:1
FNDA:1,blankToNullField
DA:11,1
DA:12,1
DA:13,2
DA:14,2
DA:16,1
LF:5
LH:5
BRDA:14,0,0,2
BRDA:14,0,1,0
BRF:2
BRH:1
end_of_record
TN:
SF:D:\Text\rx-util\src\module\obj\emptyAllField.js
FN:7,emptyAllField
FNF:1
FNH:1
FNDA:1,emptyAllField
DA:8,1
DA:9,1
DA:10,2
DA:12,1
LF:4
LH:4
BRF:0
BRH:0
end_of_record
TN:
SF:D:\Text\rx-util\src\module\obj\excludeFields.js
FN:9,excludeFields
FN:10,(anonymous_1)
FNF:2
FNH:2
FNDA:4,excludeFields
FNDA:8,(anonymous_1)
DA:10,4
DA:11,8
DA:12,5
DA:14,8
LF:4
LH:4
BRDA:9,0,0,2
BRDA:11,1,0,5
BRDA:11,1,1,3
BRF:3
BRH:3
end_of_record
TN:
SF:D:\Text\rx-util\src\module\obj\mapToObject.js
FN:7,mapToObject
FNF:1
FNH:1
FNDA:1,mapToObject
DA:8,1
DA:9,1
DA:10,3
DA:12,1
LF:4
LH:4
BRF:0
BRH:0
end_of_record
TN:
SF:D:\Text\rx-util\src\module\string\blankToNull.js
FN:8,blankToNull
FNF:1
FNH:1
FNDA:4,blankToNull
DA:9,4
LF:1
LH:1
BRDA:9,0,0,3
BRDA:9,0,1,1
BRDA:9,1,0,4
BRDA:9,1,1,1
BRF:4
BRH:4
end_of_record
TN:
SF:D:\Text\rx-util\src\module\string\fill.js
FN:8,fill
FNF:1
FNH:1
FNDA:123,fill
DA:9,123
DA:10,36
DA:12,87
LF:3
LH:3
BRDA:9,0,0,36
BRDA:9,0,1,87
BRF:2
BRH:2
end_of_record
TN:
SF:D:\Text\rx-util\src\module\string\format.js
FN:9,format
FN:14,(anonymous_1)
FNF:2
FNH:2
FNDA:2,format
FNDA:2,(anonymous_1)
DA:10,2
DA:11,1
DA:13,1
DA:14,2
LF:4
LH:4
BRDA:10,0,0,1
BRDA:10,0,1,1
BRF:2
BRH:2
end_of_record
TN:
SF:D:\Text\rx-util\src\module\string\isFloat.js
FN:8,isFloat
FNF:1
FNH:1
FNDA:3,isFloat
DA:2,2
DA:9,3
LF:2
LH:2
BRF:0
BRH:0
end_of_record
TN:
SF:D:\Text\rx-util\src\module\string\isNumber.js
FN:8,isNumber
FNF:1
FNH:1
FNDA:3,isNumber
DA:2,2
DA:9,3
LF:2
LH:2
BRF:0
BRH:0
end_of_record
TN:
SF:D:\Text\rx-util\src\module\string\toLowerCase.js
FN:7,toLowerCase
FNF:1
FNH:1
FNDA:5,toLowerCase
DA:8,5
DA:9,1
DA:11,4
LF:3
LH:3
BRDA:8,0,0,1
BRDA:8,0,1,4
BRDA:8,1,0,5
BRDA:8,1,1,4
BRF:4
BRH:4
end_of_record
TN:
SF:D:\Text\rx-util\src\module\string\toUpperCase.js
FN:7,toUpperCase
FNF:1
FNH:1
FNDA:4,toUpperCase
DA:8,4
DA:9,2
DA:11,2
LF:3
LH:3
BRDA:8,0,0,2
BRDA:8,0,1,2
BRDA:8,1,0,4
BRDA:8,1,1,3
BRF:4
BRH:4
end_of_record
