TN:
SF:D:\Text\rx-util\src\main.js
FNF:0
FNH:0
LF:0
LH:0
BRF:0
BRH:0
end_of_record
TN:
SF:D:\Text\rx-util\src\module\ajax\FetchLimiting.js
FN:21,(anonymous_0)
FN:48,(anonymous_1)
FN:49,(anonymous_2)
FN:66,(anonymous_3)
FNF:4
FNH:0
FNDA:0,(anonymous_0)
FNDA:0,(anonymous_1)
FNDA:0,(anonymous_2)
FNDA:0,(anonymous_3)
DA:25,0
DA:29,0
DA:33,0
DA:38,0
DA:49,0
DA:50,0
DA:55,0
DA:56,0
DA:57,0
DA:60,0
DA:62,0
DA:65,0
DA:66,0
DA:68,0
LF:14
LH:0
BRDA:21,0,0,0
BRDA:21,1,0,0
BRF:2
BRH:0
end_of_record
TN:
SF:D:\Text\rx-util\src\module\ajax\download.js
FN:7,download
FNF:1
FNH:0
FNDA:0,download
DA:9,0
DA:10,0
DA:11,0
DA:13,0
DA:15,0
DA:16,0
DA:18,0
LF:7
LH:0
BRDA:7,0,0,0
BRF:1
BRH:0
end_of_record
TN:
SF:D:\Text\rx-util\src\module\ajax\downloadString.js
FN:9,downloadString
FNF:1
FNH:0
FNDA:0,downloadString
DA:10,0
DA:13,0
LF:2
LH:0
BRDA:9,0,0,0
BRF:1
BRH:0
end_of_record
TN:
SF:D:\Text\rx-util\src\module\ajax\downloadUrl.js
FN:9,downloadUrl
FNF:1
FNH:0
FNDA:0,downloadUrl
DA:13,0
DA:14,0
DA:15,0
DA:16,0
DA:18,0
LF:5
LH:0
BRDA:11,0,0,0
BRF:1
BRH:0
end_of_record
TN:
SF:D:\Text\rx-util\src\module\ajax\fetchTimeout.js
FN:9,fetchTimeout
FN:12,(anonymous_1)
FN:13,(anonymous_2)
FN:19,(anonymous_3)
FNF:4
FNH:0
FNDA:0,fetchTimeout
FNDA:0,(anonymous_1)
FNDA:0,(anonymous_2)
FNDA:0,(anonymous_3)
DA:10,0
DA:12,0
DA:13,0
DA:14,0
DA:18,0
DA:19,0
DA:20,0
DA:22,0
LF:8
LH:0
BRF:0
BRH:0
end_of_record
TN:
SF:D:\Text\rx-util\src\module\ajax\getCookies.js
FN:6,getCookies
FN:9,(anonymous_1)
FN:10,(anonymous_2)
FN:11,(anonymous_3)
FNF:4
FNH:0
FNDA:0,getCookies
FNDA:0,(anonymous_1)
FNDA:0,(anonymous_2)
FNDA:0,(anonymous_3)
DA:7,0
DA:9,0
DA:10,0
DA:11,0
LF:4
LH:0
BRF:0
BRH:0
end_of_record
TN:
SF:D:\Text\rx-util\src\module\ajax\loadResource.js
FN:10,loadResource
FNF:1
FNH:0
FNDA:0,loadResource
DA:11,0
DA:12,0
DA:14,0
LF:3
LH:0
BRDA:10,0,0,0
BRF:1
BRH:0
end_of_record
TN:
SF:D:\Text\rx-util\src\module\ajax\parseUrl.js
FN:19,(anonymous_0)
FN:79,parseUrl
FN:110,(anonymous_2)
FN:111,(anonymous_3)
FN:112,(anonymous_4)
FNF:5
FNH:5
FNDA:1,(anonymous_0)
FNDA:1,parseUrl
FNDA:2,(anonymous_2)
FNDA:2,(anonymous_3)
FNDA:2,(anonymous_4)
DA:32,1
DA:36,1
DA:40,1
DA:44,1
DA:48,1
DA:52,1
DA:56,1
DA:60,1
DA:67,2
DA:80,1
DA:81,0
DA:84,1
DA:85,1
DA:86,1
DA:95,1
DA:96,1
DA:97,1
DA:98,0
DA:99,0
DA:101,1
DA:102,1
DA:103,1
DA:105,1
DA:107,1
DA:110,2
DA:111,2
DA:113,2
DA:114,2
DA:116,2
DA:117,2
DA:118,0
DA:119,0
DA:121,0
DA:123,2
DA:125,2
DA:127,1
LF:36
LH:30
BRDA:19,0,0,0
BRDA:20,1,0,0
BRDA:21,2,0,0
BRDA:22,3,0,0
BRDA:23,4,0,0
BRDA:24,5,0,1
BRDA:25,6,0,1
BRDA:26,7,0,0
BRDA:27,8,0,1
BRDA:80,9,0,0
BRDA:80,9,1,1
BRDA:97,10,0,0
BRDA:97,10,1,1
BRDA:102,11,0,1
BRDA:102,11,1,0
BRDA:105,12,0,1
BRDA:105,12,1,1
BRDA:105,12,2,0
BRDA:114,13,0,0
BRDA:114,13,1,2
BRDA:117,14,0,0
BRDA:117,14,1,2
BRDA:118,15,0,0
BRDA:118,15,1,0
BRF:24
BRH:10
end_of_record
TN:
SF:D:\Text\rx-util\src\module\ajax\readLocal.js
FN:10,readLocal
FN:14,(anonymous_1)
FN:19,(anonymous_2)
FN:23,(anonymous_3)
FNF:4
FNH:0
FNDA:0,readLocal
FNDA:0,(anonymous_1)
FNDA:0,(anonymous_2)
FNDA:0,(anonymous_3)
DA:14,0
DA:15,0
DA:16,0
DA:18,0
DA:19,0
DA:21,0
DA:23,0
DA:24,0
DA:26,0
DA:29,1
DA:30,1
DA:31,1
DA:32,1
LF:13
LH:4
BRDA:12,0,0,0
BRDA:12,1,0,0
BRDA:12,2,0,0
BRDA:15,3,0,0
BRDA:15,3,1,0
BRF:5
BRH:0
end_of_record
TN:
SF:D:\Text\rx-util\src\module\ajax\spliceParams.js
FN:14,(anonymous_0)
FN:21,spliceParams
FN:25,(anonymous_2)
FN:32,(anonymous_3)
FNF:4
FNH:4
FNDA:10,(anonymous_0)
FNDA:7,spliceParams
FNDA:7,(anonymous_2)
FNDA:5,(anonymous_3)
DA:8,2
DA:14,10
DA:22,7
DA:23,1
DA:25,6
DA:26,7
DA:27,0
DA:28,7
DA:29,1
DA:30,6
DA:31,2
DA:33,5
DA:40,4
DA:42,7
LF:14
LH:13
BRDA:21,0,0,1
BRDA:22,1,0,1
BRDA:22,1,1,6
BRDA:26,2,0,0
BRDA:26,2,1,7
BRDA:26,3,0,7
BRDA:26,3,1,7
BRDA:28,4,0,1
BRDA:28,4,1,6
BRDA:30,5,0,2
BRDA:30,5,1,4
BRDA:35,6,0,2
BRDA:35,6,1,3
BRF:13
BRH:12
end_of_record
TN:
SF:D:\Text\rx-util\src\module\ajax\strToArrayBuffer.js
FN:8,strToArrayBuffer
FNF:1
FNH:0
FNDA:0,strToArrayBuffer
DA:9,0
DA:10,0
DA:11,0
DA:12,0
DA:14,0
LF:5
LH:0
BRF:0
BRH:0
end_of_record
TN:
SF:D:\Text\rx-util\src\module\array\arrayToMap.js
FN:10,arrayToMap
FN:10,(anonymous_1)
FN:11,(anonymous_2)
FNF:3
FNH:3
FNDA:9,arrayToMap
FNDA:3,(anonymous_1)
FNDA:59,(anonymous_2)
DA:10,3
DA:11,9
DA:12,59
DA:13,59
LF:4
LH:4
BRDA:10,0,0,1
BRF:1
BRH:1
end_of_record
TN:
SF:D:\Text\rx-util\src\module\array\asIterator.js
FN:9,asIterator
FNF:1
FNH:1
FNDA:1,asIterator
DA:10,1
DA:11,1
DA:12,3
DA:13,3
DA:14,1
DA:16,2
DA:18,1
LF:7
LH:7
BRDA:13,0,0,1
BRDA:13,0,1,2
BRF:2
BRH:2
end_of_record
TN:
SF:D:\Text\rx-util\src\module\array\asyncFlatMap.js
FN:9,asyncFlatMap
FNF:1
FNH:1
FNDA:1,asyncFlatMap
DA:10,1
DA:11,1
DA:12,3
DA:14,1
LF:4
LH:4
BRF:0
BRH:0
end_of_record
TN:
SF:D:\Text\rx-util\src\module\array\flatMap.js
FN:10,flatMap
FN:12,(anonymous_1)
FNF:2
FNH:2
FNDA:1,flatMap
FNDA:3,(anonymous_1)
DA:12,3
LF:1
LH:1
BRF:0
BRH:0
end_of_record
TN:
SF:D:\Text\rx-util\src\module\array\groupBy.js
FN:10,groupBy
FN:12,(anonymous_1)
FNF:2
FNH:2
FNDA:1,groupBy
FNDA:3,(anonymous_1)
DA:12,1
DA:13,3
DA:15,3
DA:16,2
DA:18,3
DA:19,3
LF:6
LH:6
BRDA:15,0,0,2
BRDA:15,0,1,1
BRF:2
BRH:2
end_of_record
TN:
SF:D:\Text\rx-util\src\module\array\range.js
FN:10,range
FNF:1
FNH:1
FNDA:9,range
DA:11,9
DA:12,9
DA:13,21
DA:15,9
LF:4
LH:4
BRDA:10,0,0,9
BRF:1
BRH:1
end_of_record
TN:
SF:D:\Text\rx-util\src\module\array\toObject.js
FN:11,toObject
FN:11,(anonymous_1)
FN:12,(anonymous_2)
FNF:3
FNH:3
FNDA:1,toObject
FNDA:3,(anonymous_1)
FNDA:3,(anonymous_2)
DA:11,3
DA:12,1
DA:13,3
DA:14,3
DA:16,3
LF:5
LH:5
BRDA:11,0,0,1
BRDA:13,1,0,3
BRDA:13,1,1,0
BRF:3
BRH:2
end_of_record
TN:
SF:D:\Text\rx-util\src\module\array\uniqueBy.js
FN:8,uniqueBy
FN:8,(anonymous_1)
FN:10,(anonymous_2)
FNF:3
FNH:3
FNDA:1,uniqueBy
FNDA:11,(anonymous_1)
FNDA:7,(anonymous_2)
DA:8,11
DA:9,1
DA:10,1
DA:11,7
LF:4
LH:4
BRDA:8,0,0,1
BRDA:11,1,0,3
BRDA:11,1,1,4
BRF:3
BRH:3
end_of_record
TN:
SF:D:\Text\rx-util\src\module\date\dateBetween.js
FN:13,(anonymous_0)
FN:27,(anonymous_1)
FN:34,(anonymous_2)
FN:41,(anonymous_3)
FN:48,(anonymous_4)
FN:55,(anonymous_5)
FN:63,(anonymous_6)
FN:73,(anonymous_7)
FN:84,dateBetween
FNF:9
FNH:9
FNDA:3,(anonymous_0)
FNDA:11,(anonymous_1)
FNDA:9,(anonymous_2)
FNDA:7,(anonymous_3)
FNDA:5,(anonymous_4)
FNDA:3,(anonymous_5)
FNDA:2,(anonymous_6)
FNDA:5,(anonymous_7)
FNDA:3,dateBetween
DA:17,3
DA:21,3
DA:28,11
DA:35,9
DA:42,7
DA:49,5
DA:56,3
DA:64,2
DA:65,2
DA:66,2
DA:74,5
DA:85,3
LF:12
LH:12
BRF:0
BRH:0
end_of_record
TN:
SF:D:\Text\rx-util\src\module\date\dateConstants.js
FN:14,(anonymous_0)
FN:22,(anonymous_1)
FN:30,(anonymous_2)
FN:38,(anonymous_3)
FNF:4
FNH:4
FNDA:1,(anonymous_0)
FNDA:1,(anonymous_1)
FNDA:3,(anonymous_2)
FNDA:1,(anonymous_3)
DA:15,1
DA:23,1
DA:31,3
DA:39,1
DA:47,4
LF:5
LH:5
BRDA:14,0,0,1
BRDA:22,1,0,1
BRDA:30,2,0,3
BRDA:38,3,0,1
BRF:4
BRH:4
end_of_record
TN:
SF:D:\Text\rx-util\src\module\date\dateEnhance.js
FN:18,(anonymous_0)
FN:28,(anonymous_1)
FN:35,(anonymous_2)
FN:42,(anonymous_3)
FN:52,(anonymous_4)
FN:59,(anonymous_5)
FN:66,(anonymous_6)
FN:74,(anonymous_7)
FN:82,(anonymous_8)
FN:98,(anonymous_9)
FN:105,(anonymous_10)
FN:112,(anonymous_11)
FN:119,(anonymous_12)
FN:129,dateEnhance
FNF:14
FNH:14
FNDA:5,(anonymous_0)
FNDA:1,(anonymous_1)
FNDA:6,(anonymous_2)
FNDA:2,(anonymous_3)
FNDA:2,(anonymous_4)
FNDA:1,(anonymous_5)
FNDA:1,(anonymous_6)
FNDA:1,(anonymous_7)
FNDA:5,(anonymous_8)
FNDA:1,(anonymous_9)
FNDA:1,(anonymous_10)
FNDA:1,(anonymous_11)
FNDA:1,(anonymous_12)
FNDA:5,dateEnhance
DA:8,2
DA:22,5
DA:29,1
DA:36,6
DA:43,2
DA:53,2
DA:60,1
DA:67,1
DA:68,1
DA:75,1
DA:76,1
DA:83,5
DA:84,5
DA:85,2
DA:86,3
DA:87,1
DA:88,2
DA:89,1
DA:91,1
DA:99,1
DA:106,1
DA:113,1
DA:120,1
DA:130,5
LF:24
LH:24
BRDA:68,0,0,0
BRDA:68,0,1,1
BRDA:76,1,0,0
BRDA:76,1,1,1
BRDA:84,2,0,2
BRDA:84,2,1,3
BRDA:86,3,0,1
BRDA:86,3,1,2
BRDA:88,4,0,1
BRDA:88,4,1,1
BRF:10
BRH:8
end_of_record
TN:
SF:D:\Text\rx-util\src\module\date\dateFormat.js
FN:9,dateFormat
FNF:1
FNH:1
FNDA:18,dateFormat
DA:10,18
DA:20,18
DA:21,144
DA:22,56
DA:24,88
DA:25,15
DA:26,73
DA:27,7
DA:28,7
DA:29,7
DA:34,66
DA:40,18
LF:12
LH:12
BRDA:21,0,0,56
BRDA:21,0,1,88
BRDA:24,1,0,15
BRDA:24,1,1,73
BRDA:26,2,0,7
BRDA:26,2,1,66
BRDA:28,3,0,0
BRDA:28,3,1,7
BRDA:36,4,0,0
BRDA:36,4,1,66
BRF:10
BRH:8
end_of_record
TN:
SF:D:\Text\rx-util\src\module\date\dateParse.js
FN:18,(anonymous_0)
FN:57,dateParse
FN:95,(anonymous_2)
FN:97,(anonymous_3)
FN:101,(anonymous_4)
FN:110,(anonymous_5)
FN:118,(anonymous_6)
FN:118,(anonymous_7)
FNF:8
FNH:8
FNDA:70,(anonymous_0)
FNDA:10,dateParse
FNDA:56,(anonymous_2)
FNDA:22,(anonymous_3)
FNDA:30,(anonymous_4)
FNDA:30,(anonymous_5)
FNDA:56,(anonymous_6)
FNDA:56,(anonymous_7)
DA:22,70
DA:26,70
DA:30,70
DA:34,70
DA:41,3
DA:58,10
DA:60,10
DA:70,10
DA:71,10
DA:72,70
DA:73,70
DA:74,34
DA:75,34
DA:76,34
DA:77,34
DA:78,34
DA:82,36
DA:88,10
DA:89,10
DA:90,2
DA:93,8
DA:95,56
DA:98,22
DA:102,30
DA:103,30
DA:104,30
DA:105,30
DA:107,30
DA:111,30
DA:112,30
DA:113,0
DA:114,0
DA:118,56
DA:119,8
DA:120,2
DA:126,8
DA:131,8
LF:37
LH:35
BRDA:73,0,0,34
BRDA:73,0,1,36
BRDA:89,1,0,2
BRDA:89,1,1,8
BRDA:103,2,0,30
BRDA:103,2,1,0
BRDA:103,3,0,30
BRDA:103,3,1,30
BRDA:112,4,0,0
BRDA:112,4,1,30
BRDA:112,5,0,30
BRDA:112,5,1,0
BRDA:119,6,0,2
BRDA:119,6,1,6
BRF:14
BRH:11
end_of_record
TN:
SF:D:\Text\rx-util\src\module\date\getYearWeek.js
FN:8,getYearWeek
FNF:1
FNH:1
FNDA:1,getYearWeek
DA:15,1
DA:16,1
DA:17,1
DA:18,1
LF:4
LH:4
BRF:0
BRH:0
end_of_record
TN:
SF:D:\Text\rx-util\src\module\date\strToDate.js
FN:13,strToDate
FNF:1
FNH:1
FNDA:5,strToDate
DA:14,5
LF:1
LH:1
BRF:0
BRH:0
end_of_record
TN:
SF:D:\Text\rx-util\src\module\dom\copyText.js
FN:7,copyText
FNF:1
FNH:0
FNDA:0,copyText
DA:8,0
DA:9,0
DA:10,0
DA:11,0
DA:12,0
DA:13,0
DA:14,0
LF:7
LH:0
BRF:0
BRH:0
end_of_record
TN:
SF:D:\Text\rx-util\src\module\dom\createElByString.js
FN:7,createElByString
FNF:1
FNH:1
FNDA:1,createElByString
DA:8,1
DA:9,1
DA:10,1
LF:3
LH:3
BRF:0
BRH:0
end_of_record
TN:
SF:D:\Text\rx-util\src\module\dom\getCusorPostion.js
FN:7,getCusorPostion
FNF:1
FNH:1
FNDA:5,getCusorPostion
DA:8,5
LF:1
LH:1
BRF:0
BRH:0
end_of_record
TN:
SF:D:\Text\rx-util\src\module\dom\getSelectText.js
FN:6,getSelectText
FNF:1
FNH:0
FNDA:0,getSelectText
DA:7,0
LF:1
LH:0
BRF:0
BRH:0
end_of_record
TN:
SF:D:\Text\rx-util\src\module\dom\insertText.js
FN:11,insertText
FNF:1
FNH:1
FNDA:2,insertText
DA:12,2
DA:13,2
DA:14,2
LF:3
LH:3
BRDA:11,0,0,1
BRF:1
BRH:1
end_of_record
TN:
SF:D:\Text\rx-util\src\module\dom\isEditable.js
FN:9,isEditable
FNF:1
FNH:1
FNDA:2,isEditable
DA:10,2
DA:11,2
LF:2
LH:2
BRDA:14,0,0,2
BRDA:14,0,1,2
BRDA:14,0,2,2
BRF:3
BRH:3
end_of_record
TN:
SF:D:\Text\rx-util\src\module\dom\lastFocus.js
FN:7,(anonymous_0)
FN:14,(anonymous_1)
FN:23,lastFocus
FNF:3
FNH:3
FNDA:3,(anonymous_0)
FNDA:3,(anonymous_1)
FNDA:5,lastFocus
DA:5,2
DA:8,3
DA:12,2
DA:15,3
DA:24,5
LF:5
LH:5
BRF:0
BRH:0
end_of_record
TN:
SF:D:\Text\rx-util\src\module\dom\removeEl.js
FN:7,removeEl
FNF:1
FNH:1
FNDA:2,removeEl
DA:8,2
DA:9,1
LF:2
LH:2
BRF:0
BRH:0
end_of_record
TN:
SF:D:\Text\rx-util\src\module\dom\removeText.js
FN:11,removeText
FNF:1
FNH:1
FNDA:2,removeText
DA:17,2
DA:18,2
DA:19,2
DA:20,2
LF:4
LH:4
BRDA:13,0,0,1
BRDA:14,1,0,1
BRF:2
BRH:2
end_of_record
TN:
SF:D:\Text\rx-util\src\module\dom\setCusorPostion.js
FN:8,setCusorPostion
FNF:1
FNH:1
FNDA:6,setCusorPostion
DA:9,6
DA:10,6
LF:2
LH:2
BRDA:8,0,0,5
BRF:1
BRH:1
end_of_record
TN:
SF:D:\Text\rx-util\src\module\event\watchEventListener.js
FN:6,watchEventListener
FN:21,(anonymous_1)
FN:35,addEventListener
FN:51,removeEventListenerByType
FN:58,(anonymous_4)
FN:59,(anonymous_5)
FN:60,(anonymous_6)
FN:64,(anonymous_7)
FN:64,(anonymous_8)
FN:67,initWatchDOM
FNF:10
FNH:0
FNDA:0,watchEventListener
FNDA:0,(anonymous_1)
FNDA:0,addEventListener
FNDA:0,removeEventListenerByType
FNDA:0,(anonymous_4)
FNDA:0,(anonymous_5)
FNDA:0,(anonymous_6)
FNDA:0,(anonymous_7)
FNDA:0,(anonymous_8)
FNDA:0,initWatchDOM
DA:10,0
DA:11,0
DA:12,0
DA:14,0
DA:15,0
DA:22,0
DA:23,0
DA:24,0
DA:25,0
DA:36,0
DA:38,0
DA:41,0
DA:42,0
DA:52,0
DA:54,0
DA:57,0
DA:58,0
DA:59,0
DA:60,0
DA:61,0
DA:62,0
DA:64,0
DA:67,0
DA:68,0
DA:71,0
LF:25
LH:0
BRDA:35,0,0,0
BRDA:38,1,0,0
BRDA:38,1,1,0
BRDA:54,2,0,0
BRDA:54,2,1,0
BRDA:58,3,0,0
BRDA:58,3,1,0
BRDA:58,4,0,0
BRDA:58,4,1,0
BRF:9
BRH:0
end_of_record
TN:
SF:D:\Text\rx-util\src\module\formdata\appends.js
FN:10,appends
FNF:1
FNH:1
FNDA:1,appends
DA:11,1
DA:12,2
DA:14,1
LF:3
LH:3
BRF:0
BRH:0
end_of_record
TN:
SF:D:\Text\rx-util\src\module\formdata\deletes.js
FN:9,deletes
FN:10,(anonymous_1)
FNF:2
FNH:2
FNDA:1,deletes
FNDA:1,(anonymous_1)
DA:10,1
DA:11,1
LF:2
LH:2
BRF:0
BRH:0
end_of_record
TN:
SF:D:\Text\rx-util\src\module\formdata\formDataToArray.js
FN:10,formDataToArray
FNF:1
FNH:1
FNDA:1,formDataToArray
DA:11,1
LF:1
LH:1
BRF:0
BRH:0
end_of_record
TN:
SF:D:\Text\rx-util\src\module\formdata\objToFormData.js
FN:8,objToFormData
FNF:1
FNH:1
FNDA:4,objToFormData
DA:9,4
DA:10,4
DA:11,4
DA:12,8
DA:13,8
DA:14,8
DA:18,4
LF:7
LH:7
BRDA:10,0,0,4
BRDA:10,0,1,0
BRDA:12,1,0,8
BRDA:12,1,1,0
BRF:4
BRH:2
end_of_record
TN:
SF:D:\Text\rx-util\src\module\formdata\sets.js
FN:9,sets
FNF:1
FNH:1
FNDA:1,sets
DA:10,1
DA:11,2
DA:13,1
LF:3
LH:3
BRF:0
BRH:0
end_of_record
TN:
SF:D:\Text\rx-util\src\module\function\StateMachine.js
FN:12,(anonymous_0)
FN:25,(anonymous_1)
FN:36,(anonymous_2)
FNF:3
FNH:3
FNDA:1,(anonymous_0)
FNDA:2,(anonymous_1)
FNDA:3,(anonymous_2)
DA:13,1
DA:18,1
DA:26,2
DA:27,2
DA:37,3
DA:38,3
DA:39,1
DA:42,2
LF:8
LH:8
BRDA:38,0,0,1
BRDA:38,0,1,2
BRF:2
BRH:2
end_of_record
TN:
SF:D:\Text\rx-util\src\module\function\debounce.js
FN:11,debounce
FN:13,(anonymous_1)
FN:16,(anonymous_2)
FNF:3
FNH:3
FNDA:1,debounce
FNDA:4,(anonymous_1)
FNDA:2,(anonymous_2)
DA:13,1
DA:14,4
DA:15,4
DA:16,4
DA:17,2
LF:5
LH:5
BRDA:15,0,0,3
BRDA:15,0,1,1
BRF:2
BRH:2
end_of_record
TN:
SF:D:\Text\rx-util\src\module\function\onceOfSameParam.js
FN:9,onceOfSameParam
FN:11,(anonymous_1)
FN:14,(anonymous_2)
FN:22,(anonymous_3)
FNF:4
FNH:4
FNDA:4,onceOfSameParam
FNDA:10,(anonymous_1)
FNDA:16,(anonymous_2)
FNDA:3,(anonymous_3)
DA:11,10
DA:13,4
DA:14,4
DA:15,16
DA:16,16
DA:17,16
DA:18,10
DA:20,6
DA:21,6
DA:22,3
DA:23,3
DA:24,3
DA:27,3
DA:28,3
LF:14
LH:14
BRDA:11,0,0,2
BRDA:17,1,0,10
BRDA:17,1,1,6
BRDA:21,2,0,3
BRDA:21,2,1,3
BRF:5
BRH:5
end_of_record
TN:
SF:D:\Text\rx-util\src\module\function\onec.js
FN:6,onec
FN:9,(anonymous_1)
FNF:2
FNH:2
FNDA:2,onec
FNDA:6,(anonymous_1)
DA:7,2
DA:9,2
DA:10,6
DA:11,4
DA:13,2
DA:14,2
LF:6
LH:6
BRDA:10,0,0,4
BRDA:10,0,1,2
BRF:2
BRH:2
end_of_record
TN:
SF:D:\Text\rx-util\src\module\function\returnItself.js
FN:7,returnItself
FNF:1
FNH:1
FNDA:1,returnItself
DA:8,1
LF:1
LH:1
BRF:0
BRH:0
end_of_record
TN:
SF:D:\Text\rx-util\src\module\function\returnReasonableItself.js
FN:11,returnReasonableItself
FNF:1
FNH:1
FNDA:4,returnReasonableItself
DA:12,4
DA:13,4
DA:14,1
DA:16,3
DA:17,2
DA:19,1
LF:6
LH:6
BRDA:13,0,0,1
BRDA:13,0,1,3
BRDA:16,1,0,2
BRDA:16,1,1,1
BRF:4
BRH:4
end_of_record
TN:
SF:D:\Text\rx-util\src\module\function\safeExec.js
FN:7,safeExec
FNF:1
FNH:1
FNDA:6,safeExec
DA:8,6
DA:9,6
DA:11,2
LF:3
LH:3
BRDA:7,0,0,5
BRF:1
BRH:1
end_of_record
TN:
SF:D:\Text\rx-util\src\module\function\singleModel.js
FN:7,singleModel
FN:13,(anonymous_1)
FNF:2
FNH:2
FNDA:3,singleModel
FNDA:4,(anonymous_1)
DA:9,3
DA:14,4
DA:15,1
DA:17,3
DA:18,3
LF:5
LH:5
BRDA:14,0,0,1
BRDA:14,0,1,3
BRF:2
BRH:2
end_of_record
TN:
SF:D:\Text\rx-util\src\module\function\throttle.js
FN:12,throttle
FN:14,(anonymous_1)
FNF:2
FNH:2
FNDA:1,throttle
FNDA:10,(anonymous_1)
DA:13,1
DA:14,1
DA:15,10
DA:16,10
DA:17,8
DA:18,8
LF:6
LH:6
BRDA:16,0,0,8
BRDA:16,0,1,2
BRF:2
BRH:2
end_of_record
TN:
SF:D:\Text\rx-util\src\module\function\timing.js
FN:8,timing
FN:14,(anonymous_1)
FNF:2
FNH:2
FNDA:2,timing
FNDA:1,(anonymous_1)
DA:9,2
DA:10,2
DA:11,2
DA:12,1
DA:14,1
LF:5
LH:5
BRDA:11,0,0,1
BRDA:11,0,1,1
BRF:2
BRH:2
end_of_record
TN:
SF:D:\Text\rx-util\src\module\function\wait.js
FN:8,wait
FN:9,(anonymous_1)
FN:13,(anonymous_2)
FNF:3
FNH:3
FNDA:6,wait
FNDA:6,(anonymous_1)
FNDA:10,(anonymous_2)
DA:9,6
DA:10,6
DA:11,4
DA:12,2
DA:13,1
DA:14,10
DA:15,1
DA:16,1
DA:20,1
LF:9
LH:9
BRDA:10,0,0,4
BRDA:10,0,1,2
BRDA:12,1,0,1
BRDA:12,1,1,1
BRDA:14,2,0,1
BRDA:14,2,1,9
BRF:6
BRH:6
end_of_record
TN:
SF:D:\Text\rx-util\src\module\function\waitResource.js
FN:11,waitResource
FN:13,(anonymous_1)
FN:14,(anonymous_2)
FNF:3
FNH:3
FNDA:2,waitResource
FNDA:2,(anonymous_1)
FNDA:20,(anonymous_2)
DA:12,2
DA:13,2
DA:14,2
DA:15,20
DA:16,2
DA:17,2
DA:19,20
DA:20,20
DA:21,2
DA:22,2
LF:10
LH:10
BRDA:11,0,0,1
BRDA:11,1,0,1
BRDA:11,2,0,1
BRDA:15,3,0,2
BRDA:15,3,1,18
BRDA:20,4,0,2
BRDA:20,4,1,18
BRF:7
BRH:7
end_of_record
TN:
SF:D:\Text\rx-util\src\module\function\watch.js
FN:11,watch
FN:13,(anonymous_1)
FN:20,(anonymous_2)
FNF:3
FNH:1
FNDA:3,watch
FNDA:0,(anonymous_1)
FNDA:0,(anonymous_2)
DA:12,3
DA:13,3
DA:14,0
DA:15,0
DA:16,0
DA:17,0
DA:20,3
LF:7
LH:3
BRDA:11,0,0,3
BRDA:15,1,0,0
BRDA:15,1,1,0
BRF:3
BRH:1
end_of_record
TN:
SF:D:\Text\rx-util\src\module\function\watchObject.js
FN:17,watchObject
FN:19,(anonymous_1)
FN:26,(anonymous_2)
FNF:3
FNH:1
FNDA:1,watchObject
FNDA:0,(anonymous_1)
FNDA:0,(anonymous_2)
DA:18,1
DA:20,0
DA:21,0
DA:23,0
DA:27,0
DA:28,0
DA:31,1
LF:7
LH:2
BRF:0
BRH:0
end_of_record
TN:
SF:D:\Text\rx-util\src\module\number\isRange.js
FN:8,isRange
FNF:1
FNH:1
FNDA:12,isRange
DA:9,12
LF:1
LH:1
BRDA:9,0,0,12
BRDA:9,0,1,12
BRF:2
BRH:2
end_of_record
TN:
SF:D:\Text\rx-util\src\module\number\randomInt.js
FN:7,randomInt
FNF:1
FNH:1
FNDA:203,randomInt
DA:10,203
DA:11,1
DA:12,202
DA:13,102
DA:14,102
DA:15,100
DA:16,100
DA:17,100
DA:19,202
LF:9
LH:9
BRDA:10,0,0,1
BRDA:10,0,1,202
BRDA:12,1,0,102
BRDA:12,1,1,100
BRDA:15,2,0,100
BRDA:15,2,1,0
BRF:6
BRH:5
end_of_record
TN:
SF:D:\Text\rx-util\src\module\obj\blankToNullField.js
FN:10,blankToNullField
FNF:1
FNH:1
FNDA:1,blankToNullField
DA:11,1
DA:12,1
DA:13,2
DA:14,2
DA:16,1
LF:5
LH:5
BRDA:14,0,0,2
BRDA:14,0,1,0
BRF:2
BRH:1
end_of_record
TN:
SF:D:\Text\rx-util\src\module\obj\emptyAllField.js
FN:7,emptyAllField
FNF:1
FNH:1
FNDA:1,emptyAllField
DA:8,1
DA:9,1
DA:10,2
DA:12,1
LF:4
LH:4
BRF:0
BRH:0
end_of_record
TN:
SF:D:\Text\rx-util\src\module\obj\excludeFields.js
FN:9,excludeFields
FN:11,(anonymous_1)
FNF:2
FNH:2
FNDA:4,excludeFields
FNDA:8,(anonymous_1)
DA:10,4
DA:11,4
DA:12,8
DA:13,5
DA:15,8
LF:5
LH:5
BRDA:12,0,0,5
BRDA:12,0,1,3
BRF:2
BRH:2
end_of_record
TN:
SF:D:\Text\rx-util\src\module\obj\mapToObject.js
FN:7,mapToObject
FNF:1
FNH:1
FNDA:1,mapToObject
DA:8,1
DA:9,1
DA:10,3
DA:12,1
LF:4
LH:4
BRF:0
BRH:0
end_of_record
TN:
SF:D:\Text\rx-util\src\module\string\blankToNull.js
FN:8,blankToNull
FNF:1
FNH:1
FNDA:4,blankToNull
DA:9,4
LF:1
LH:1
BRDA:9,0,0,3
BRDA:9,0,1,1
BRDA:9,1,0,4
BRDA:9,1,1,1
BRF:4
BRH:4
end_of_record
TN:
SF:D:\Text\rx-util\src\module\string\fill.js
FN:8,fill
FNF:1
FNH:1
FNDA:241,fill
DA:9,241
DA:10,70
DA:12,171
LF:3
LH:3
BRDA:9,0,0,70
BRDA:9,0,1,171
BRF:2
BRH:2
end_of_record
TN:
SF:D:\Text\rx-util\src\module\string\format.js
FN:9,format
FN:14,(anonymous_1)
FNF:2
FNH:2
FNDA:2,format
FNDA:2,(anonymous_1)
DA:10,2
DA:11,1
DA:13,1
DA:14,2
LF:4
LH:4
BRDA:10,0,0,1
BRDA:10,0,1,1
BRF:2
BRH:2
end_of_record
TN:
SF:D:\Text\rx-util\src\module\string\isFloat.js
FN:11,isFloat
FNF:1
FNH:1
FNDA:3,isFloat
DA:5,2
DA:12,3
LF:2
LH:2
BRF:0
BRH:0
end_of_record
TN:
SF:D:\Text\rx-util\src\module\string\isNumber.js
FN:11,isNumber
FNF:1
FNH:1
FNDA:3,isNumber
DA:5,2
DA:12,3
LF:2
LH:2
BRF:0
BRH:0
end_of_record
TN:
SF:D:\Text\rx-util\src\module\string\toLowerCase.js
FN:7,toLowerCase
FNF:1
FNH:1
FNDA:5,toLowerCase
DA:8,5
DA:9,1
DA:11,4
LF:3
LH:3
BRDA:8,0,0,1
BRDA:8,0,1,4
BRDA:8,1,0,5
BRDA:8,1,1,4
BRF:4
BRH:4
end_of_record
TN:
SF:D:\Text\rx-util\src\module\string\toUpperCase.js
FN:7,toUpperCase
FNF:1
FNH:1
FNDA:4,toUpperCase
DA:8,4
DA:9,2
DA:11,2
LF:3
LH:3
BRDA:8,0,0,2
BRDA:8,0,1,2
BRDA:8,1,0,4
BRDA:8,1,1,3
BRF:4
BRH:4
end_of_record
